#
# There is insufficient memory for the Java Runtime Environment to continue.
# Native memory allocation (mmap) failed to map 509607936 bytes for G1 virtual space
# Possible reasons:
#   The system is out of physical RAM or swap space
#   The process is running with CompressedOops enabled, and the Java Heap may be blocking the growth of the native heap
# Possible solutions:
#   Reduce memory load on the system
#   Increase physical memory or swap space
#   Check if swap backing store is full
#   Decrease Java heap size (-Xmx/-Xms)
#   Decrease number of Java threads
#   Decrease Java thread stack sizes (-Xss)
#   Set larger code cache with -XX:ReservedCodeCacheSize=
#   JVM is running with Zero Based Compressed Oops mode in which the Java heap is
#     placed in the first 32GB address space. The Java Heap base address is the
#     maximum limit for the native heap growth. Please use -XX:HeapBaseMinAddress
#     to set the Java Heap base and to place the Java Heap above 32GB virtual address.
# This output file may be truncated or incomplete.
#
#  Out of Memory Error (os_windows.cpp:3825), pid=8412, tid=4584
#
# JRE version: OpenJDK Runtime Environment (17.0.9) (build 17.0.9+0--11185874)
# Java VM: OpenJDK 64-Bit Server VM (17.0.9+0--11185874, mixed mode, tiered, compressed oops, compressed class ptrs, g1 gc, windows-amd64)
# No core dump will be written. Minidumps are not enabled by default on client versions of Windows
#

---------------  S U M M A R Y ------------

Command Line: --add-opens=java.base/java.util=ALL-UNNAMED --add-opens=java.base/java.lang=ALL-UNNAMED --add-opens=java.base/java.lang.invoke=ALL-UNNAMED --add-opens=java.prefs/java.util.prefs=ALL-UNNAMED --add-opens=java.base/java.nio.charset=ALL-UNNAMED --add-opens=java.base/java.net=ALL-UNNAMED --add-opens=java.base/java.util.concurrent.atomic=ALL-UNNAMED -Xmx4G -Dfile.encoding=windows-1252 -Duser.country=US -Duser.language=en -Duser.variant org.gradle.launcher.daemon.bootstrap.GradleDaemon 7.6.3

Host: Intel(R) Core(TM) i7-3540M CPU @ 3.00GHz, 4 cores, 3G,  Windows 10 , 64 bit Build 19041 (10.0.19041.3636)
Time: Wed May 15 06:16:09 2024 Pacific Daylight Time elapsed time: 169.435951 seconds (0d 0h 2m 49s)

---------------  T H R E A D  ---------------

Current thread (0x000002d4044f18a0):  VMThread "VM Thread" [stack: 0x000000fe34e00000,0x000000fe34f00000] [id=4584]

Stack: [0x000000fe34e00000,0x000000fe34f00000]
Native frames: (J=compiled Java code, j=interpreted, Vv=VM code, C=native code)
V  [jvm.dll+0x6886e9]
V  [jvm.dll+0x841e4a]
V  [jvm.dll+0x843a8e]
V  [jvm.dll+0x8440f3]
V  [jvm.dll+0x24c14f]
V  [jvm.dll+0x685499]
V  [jvm.dll+0x679c2a]
V  [jvm.dll+0x30cf9b]
V  [jvm.dll+0x314446]
V  [jvm.dll+0x36425e]
V  [jvm.dll+0x36448f]
V  [jvm.dll+0x2e2d68]
V  [jvm.dll+0x2e0f44]
V  [jvm.dll+0x2e054c]
V  [jvm.dll+0x3253fb]
V  [jvm.dll+0x8487eb]
V  [jvm.dll+0x849531]
V  [jvm.dll+0x849a4d]
V  [jvm.dll+0x849e24]
V  [jvm.dll+0x849ef0]
V  [jvm.dll+0x7f06aa]
V  [jvm.dll+0x687565]
C  [ucrtbase.dll+0x21bb2]
C  [KERNEL32.DLL+0x17344]
C  [ntdll.dll+0x526b1]

VM_Operation (0x000000fe364f5c40): G1CollectForAllocation, mode: safepoint, requested by thread 0x000002d40a743e50


---------------  P R O C E S S  ---------------

Threads class SMR info:
_java_thread_list=0x000002d4117aea90, length=41, elements={
0x000002d4662ff310, 0x000002d4044f4c50, 0x000002d4044f59e0, 0x000002d40451eb30,
0x000002d404520510, 0x000002d404794000, 0x000002d4047948d0, 0x000002d4047989d0,
0x000002d4047992e0, 0x000002d404799bf0, 0x000002d4048fb270, 0x000002d4048fbb60,
0x000002d40aba3010, 0x000002d409119f40, 0x000002d40a090ca0, 0x000002d40a707070,
0x000002d40a693060, 0x000002d40a645580, 0x000002d40a743e50, 0x000002d40a743430,
0x000002d40a7410c0, 0x000002d40a741ae0, 0x000002d40a742500, 0x000002d40a740bb0,
0x000002d40a741ff0, 0x000002d40a7415d0, 0x000002d40a742a10, 0x000002d40a743940,
0x000002d40a744360, 0x000002d40ad4a4f0, 0x000002d40ad49fe0, 0x000002d40ad46320,
0x000002d40ad453f0, 0x000002d40ad495c0, 0x000002d40ad46830, 0x000002d40beae6f0,
0x000002d40beb0550, 0x000002d40beb2dd0, 0x000002d40bead2b0, 0x000002d40beae1e0,
0x000002d40beb1480
}

Java Threads: ( => current thread )
  0x000002d4662ff310 JavaThread "main" [_thread_blocked, id=5492, stack(0x000000fe34800000,0x000000fe34900000)]
  0x000002d4044f4c50 JavaThread "Reference Handler" daemon [_thread_blocked, id=860, stack(0x000000fe34f00000,0x000000fe35000000)]
  0x000002d4044f59e0 JavaThread "Finalizer" daemon [_thread_blocked, id=7608, stack(0x000000fe35000000,0x000000fe35100000)]
  0x000002d40451eb30 JavaThread "Signal Dispatcher" daemon [_thread_blocked, id=9412, stack(0x000000fe35100000,0x000000fe35200000)]
  0x000002d404520510 JavaThread "Attach Listener" daemon [_thread_blocked, id=2748, stack(0x000000fe35200000,0x000000fe35300000)]
  0x000002d404794000 JavaThread "Service Thread" daemon [_thread_blocked, id=12736, stack(0x000000fe35300000,0x000000fe35400000)]
  0x000002d4047948d0 JavaThread "Monitor Deflation Thread" daemon [_thread_blocked, id=2884, stack(0x000000fe35400000,0x000000fe35500000)]
  0x000002d4047989d0 JavaThread "C2 CompilerThread0" daemon [_thread_blocked, id=10608, stack(0x000000fe35500000,0x000000fe35600000)]
  0x000002d4047992e0 JavaThread "C1 CompilerThread0" daemon [_thread_blocked, id=4988, stack(0x000000fe35600000,0x000000fe35700000)]
  0x000002d404799bf0 JavaThread "Sweeper thread" daemon [_thread_blocked, id=10612, stack(0x000000fe35700000,0x000000fe35800000)]
  0x000002d4048fb270 JavaThread "Common-Cleaner" daemon [_thread_blocked, id=8680, stack(0x000000fe35800000,0x000000fe35900000)]
  0x000002d4048fbb60 JavaThread "Notification Thread" daemon [_thread_blocked, id=9544, stack(0x000000fe35900000,0x000000fe35a00000)]
  0x000002d40aba3010 JavaThread "Daemon health stats" [_thread_blocked, id=9076, stack(0x000000fe35e00000,0x000000fe35f00000)]
  0x000002d409119f40 JavaThread "Incoming local TCP Connector on port 59930" [_thread_in_native, id=3532, stack(0x000000fe35f00000,0x000000fe36000000)]
  0x000002d40a090ca0 JavaThread "Daemon periodic checks" [_thread_blocked, id=9784, stack(0x000000fe36000000,0x000000fe36100000)]
  0x000002d40a707070 JavaThread "Daemon" [_thread_blocked, id=7792, stack(0x000000fe36100000,0x000000fe36200000)]
  0x000002d40a693060 JavaThread "Handler for socket connection from /127.0.0.1:59930 to /127.0.0.1:59931" [_thread_in_native, id=9860, stack(0x000000fe36200000,0x000000fe36300000)]
  0x000002d40a645580 JavaThread "Cancel handler" [_thread_blocked, id=1352, stack(0x000000fe36300000,0x000000fe36400000)]
  0x000002d40a743e50 JavaThread "Daemon worker" [_thread_blocked, id=2528, stack(0x000000fe36400000,0x000000fe36500000)]
  0x000002d40a743430 JavaThread "Asynchronous log dispatcher for DefaultDaemonConnection: socket connection from /127.0.0.1:59930 to /127.0.0.1:59931" [_thread_blocked, id=6516, stack(0x000000fe36500000,0x000000fe36600000)]
  0x000002d40a7410c0 JavaThread "Stdin handler" [_thread_blocked, id=10368, stack(0x000000fe36600000,0x000000fe36700000)]
  0x000002d40a741ae0 JavaThread "Daemon client event forwarder" [_thread_blocked, id=2864, stack(0x000000fe36700000,0x000000fe36800000)]
  0x000002d40a742500 JavaThread "Cache worker for journal cache (C:\Users\farrukh\.gradle\caches\journal-1)" [_thread_blocked, id=1732, stack(0x000000fe36800000,0x000000fe36900000)]
  0x000002d40a740bb0 JavaThread "File lock request listener" [_thread_in_native, id=7884, stack(0x000000fe36900000,0x000000fe36a00000)]
  0x000002d40a741ff0 JavaThread "Cache worker for file hash cache (C:\Users\farrukh\.gradle\caches\7.6.3\fileHashes)" [_thread_blocked, id=8480, stack(0x000000fe36a00000,0x000000fe36b00000)]
  0x000002d40a7415d0 JavaThread "File watcher server" daemon [_thread_in_native, id=12180, stack(0x000000fe36b00000,0x000000fe36c00000)]
  0x000002d40a742a10 JavaThread "File watcher consumer" daemon [_thread_blocked, id=11616, stack(0x000000fe36c00000,0x000000fe36d00000)]
  0x000002d40a743940 JavaThread "Cache worker for checksums cache (C:\Users\farrukh\Desktop\flutter projects\classico\android\.gradle\7.6.3\checksums)" [_thread_blocked, id=7008, stack(0x000000fe36d00000,0x000000fe36e00000)]
  0x000002d40a744360 JavaThread "Cache worker for cache directory md-rule (C:\Users\farrukh\.gradle\caches\7.6.3\md-rule)" [_thread_blocked, id=6608, stack(0x000000fe36e00000,0x000000fe36f00000)]
  0x000002d40ad4a4f0 JavaThread "Cache worker for file content cache (C:\Users\farrukh\.gradle\caches\7.6.3\fileContent)" [_thread_blocked, id=8316, stack(0x000000fe36f00000,0x000000fe37000000)]
  0x000002d40ad49fe0 JavaThread "Cache worker for file hash cache (C:\Users\farrukh\Desktop\flutter projects\classico\android\.gradle\7.6.3\fileHashes)" [_thread_blocked, id=4220, stack(0x000000fe37000000,0x000000fe37100000)]
  0x000002d40ad46320 JavaThread "Cache worker for cache directory md-supplier (C:\Users\farrukh\.gradle\caches\7.6.3\md-supplier)" [_thread_blocked, id=5868, stack(0x000000fe37100000,0x000000fe37200000)]
  0x000002d40ad453f0 JavaThread "Cache worker for execution history cache (C:\Users\farrukh\.gradle\caches\7.6.3\executionHistory)" [_thread_blocked, id=3628, stack(0x000000fe37200000,0x000000fe37300000)]
  0x000002d40ad495c0 JavaThread "jar transforms" [_thread_blocked, id=4952, stack(0x000000fe37300000,0x000000fe37400000)]
  0x000002d40ad46830 JavaThread "Cache worker for kotlin-dsl (C:\Users\farrukh\.gradle\caches\7.6.3\kotlin-dsl)" [_thread_blocked, id=3252, stack(0x000000fe37400000,0x000000fe37500000)]
  0x000002d40beae6f0 JavaThread "jar transforms Thread 2" [_thread_blocked, id=5888, stack(0x000000fe34500000,0x000000fe34600000)]
  0x000002d40beb0550 JavaThread "Cache worker for dependencies-accessors (C:\Users\farrukh\Desktop\flutter projects\classico\android\.gradle\7.6.3\dependencies-accessors)" [_thread_blocked, id=9844, stack(0x000000fe34600000,0x000000fe34700000)]
  0x000002d40beb2dd0 JavaThread "Cache worker for Build Output Cleanup Cache (C:\Users\farrukh\Downloads\flutter_windows_3.19.6-stable\flutter\packages\flutter_tools\gradle\.gradle\buildOutputCleanup)" [_thread_blocked, id=7800, stack(0x000000fe34700000,0x000000fe34800000)]
  0x000002d40bead2b0 JavaThread "Kotlin DSL Writer" [_thread_blocked, id=9272, stack(0x000000fe37500000,0x000000fe37600000)]
  0x000002d40beae1e0 JavaThread "jar transforms Thread 3" [_thread_blocked, id=8076, stack(0x000000fe37600000,0x000000fe37700000)]
  0x000002d40beb1480 JavaThread "Memory manager" [_thread_blocked, id=7880, stack(0x000000fe37700000,0x000000fe37800000)]

Other Threads:
=>0x000002d4044f18a0 VMThread "VM Thread" [stack: 0x000000fe34e00000,0x000000fe34f00000] [id=4584]
  0x000002d4048fe450 WatcherThread [stack: 0x000000fe35a00000,0x000000fe35b00000] [id=11396]
  0x000002d46636a010 GCTaskThread "GC Thread#0" [stack: 0x000000fe34900000,0x000000fe34a00000] [id=364]
  0x000002d404b662e0 GCTaskThread "GC Thread#1" [stack: 0x000000fe35b00000,0x000000fe35c00000] [id=13112]
  0x000002d4092f4690 GCTaskThread "GC Thread#2" [stack: 0x000000fe35c00000,0x000000fe35d00000] [id=9800]
  0x000002d4095e4410 GCTaskThread "GC Thread#3" [stack: 0x000000fe35d00000,0x000000fe35e00000] [id=4576]
  0x000002d46637ae70 ConcurrentGCThread "G1 Main Marker" [stack: 0x000000fe34a00000,0x000000fe34b00000] [id=12276]
  0x000002d46637b7a0 ConcurrentGCThread "G1 Conc#0" [stack: 0x000000fe34b00000,0x000000fe34c00000] [id=12668]
  0x000002d404350090 ConcurrentGCThread "G1 Refine#0" [stack: 0x000000fe34c00000,0x000000fe34d00000] [id=10744]
  0x000002d4043509d0 ConcurrentGCThread "G1 Service" [stack: 0x000000fe34d00000,0x000000fe34e00000] [id=4212]

Threads with active compile tasks:

VM state: at safepoint (normal execution)

VM Mutex/Monitor currently owned by a thread:  ([mutex/lock_event])
[0x000002d4662f9b20] Threads_lock - owner thread: 0x000002d4044f18a0
[0x000002d4662fa540] Heap_lock - owner thread: 0x000002d40a743e50

Heap address: 0x0000000700000000, size: 4096 MB, Compressed Oops mode: Zero based, Oop shift amount: 3

CDS archive(s) not mapped
Compressed class space mapped at: 0x0000000800000000-0x0000000840000000, reserved size: 1073741824
Narrow klass base: 0x0000000800000000, Narrow klass shift: 0, Narrow klass range: 0x40000000

GC Precious Log:
 CPUs: 4 total, 4 available
 Memory: 3980M
 Large Page Support: Disabled
 NUMA Support: Disabled
 Compressed Oops: Enabled (Zero based)
 Heap Region Size: 2M
 Heap Min Capacity: 8M
 Heap Initial Capacity: 64M
 Heap Max Capacity: 4G
 Pre-touch: Disabled
 Parallel Workers: 4
 Concurrent Workers: 1
 Concurrent Refinement Workers: 4
 Periodic GC: Disabled

Heap:
 garbage-first heap   total 602112K, used 129076K [0x0000000700000000, 0x0000000800000000)
  region size 2048K, 2 young (4096K), 2 survivors (4096K)
 Metaspace       used 121496K, committed 122112K, reserved 1179648K
  class space    used 15010K, committed 15296K, reserved 1048576K

Heap Regions: E=young(eden), S=young(survivor), O=old, HS=humongous(starts), HC=humongous(continues), CS=collection set, F=free, OA=open archive, CA=closed archive, TAMS=top-at-mark-start (previous, next)
|   0|0x0000000700000000, 0x0000000700200000, 0x0000000700200000|100%| O|  |TAMS 0x0000000700200000, 0x0000000700000000| Untracked 
|   1|0x0000000700200000, 0x0000000700400000, 0x0000000700400000|100%|HS|  |TAMS 0x0000000700400000, 0x0000000700200000| Complete 
|   2|0x0000000700400000, 0x0000000700600000, 0x0000000700600000|100%|HC|  |TAMS 0x0000000700600000, 0x0000000700400000| Complete 
|   3|0x0000000700600000, 0x0000000700800000, 0x0000000700800000|100%| O|  |TAMS 0x0000000700800000, 0x0000000700600000| Untracked 
|   4|0x0000000700800000, 0x0000000700a00000, 0x0000000700a00000|100%| O|  |TAMS 0x0000000700a00000, 0x0000000700800000| Untracked 
|   5|0x0000000700a00000, 0x0000000700c00000, 0x0000000700c00000|100%| O|  |TAMS 0x0000000700c00000, 0x0000000700a00000| Untracked 
|   6|0x0000000700c00000, 0x0000000700e00000, 0x0000000700e00000|100%| O|  |TAMS 0x0000000700e00000, 0x0000000700c00000| Untracked 
|   7|0x0000000700e00000, 0x0000000701000000, 0x0000000701000000|100%| O|  |TAMS 0x0000000701000000, 0x0000000700e00000| Untracked 
|   8|0x0000000701000000, 0x0000000701200000, 0x0000000701200000|100%| O|  |TAMS 0x0000000701200000, 0x0000000701000000| Untracked 
|   9|0x0000000701200000, 0x0000000701400000, 0x0000000701400000|100%| O|  |TAMS 0x0000000701400000, 0x0000000701200000| Untracked 
|  10|0x0000000701400000, 0x0000000701600000, 0x0000000701600000|100%| O|  |TAMS 0x0000000701600000, 0x0000000701400000| Untracked 
|  11|0x0000000701600000, 0x0000000701800000, 0x0000000701800000|100%| O|  |TAMS 0x0000000701800000, 0x0000000701600000| Untracked 
|  12|0x0000000701800000, 0x0000000701a00000, 0x0000000701a00000|100%| O|  |TAMS 0x0000000701a00000, 0x0000000701800000| Untracked 
|  13|0x0000000701a00000, 0x0000000701c00000, 0x0000000701c00000|100%| O|  |TAMS 0x0000000701c00000, 0x0000000701a00000| Untracked 
|  14|0x0000000701c00000, 0x0000000701e00000, 0x0000000701e00000|100%| O|  |TAMS 0x0000000701e00000, 0x0000000701c00000| Untracked 
|  15|0x0000000701e00000, 0x0000000702000000, 0x0000000702000000|100%| O|  |TAMS 0x0000000702000000, 0x0000000701e00000| Untracked 
|  16|0x0000000702000000, 0x0000000702200000, 0x0000000702200000|100%| O|  |TAMS 0x0000000702200000, 0x0000000702000000| Untracked 
|  17|0x0000000702200000, 0x0000000702400000, 0x0000000702400000|100%| O|  |TAMS 0x0000000702400000, 0x0000000702200000| Untracked 
|  18|0x0000000702400000, 0x0000000702600000, 0x0000000702600000|100%| O|  |TAMS 0x0000000702600000, 0x0000000702400000| Untracked 
|  19|0x0000000702600000, 0x0000000702800000, 0x0000000702800000|100%| O|  |TAMS 0x0000000702800000, 0x0000000702600000| Untracked 
|  20|0x0000000702800000, 0x0000000702a00000, 0x0000000702a00000|100%| O|  |TAMS 0x0000000702800000, 0x0000000702800000| Untracked 
|  21|0x0000000702a00000, 0x0000000702c00000, 0x0000000702c00000|100%| O|  |TAMS 0x0000000702c00000, 0x0000000702a00000| Untracked 
|  22|0x0000000702c00000, 0x0000000702e00000, 0x0000000702e00000|100%| O|  |TAMS 0x0000000702c00000, 0x0000000702c00000| Untracked 
|  23|0x0000000702e00000, 0x0000000703000000, 0x0000000703000000|100%| O|  |TAMS 0x0000000703000000, 0x0000000702e00000| Untracked 
|  24|0x0000000703000000, 0x0000000703200000, 0x0000000703200000|100%| O|  |TAMS 0x0000000703200000, 0x0000000703000000| Untracked 
|  25|0x0000000703200000, 0x0000000703321000, 0x0000000703400000| 56%| O|  |TAMS 0x000000070329b800, 0x0000000703200000| Untracked 
|  26|0x0000000703400000, 0x0000000703600000, 0x0000000703600000|100%|HS|  |TAMS 0x0000000703600000, 0x0000000703400000| Complete 
|  27|0x0000000703600000, 0x0000000703800000, 0x0000000703800000|100%|HC|  |TAMS 0x0000000703800000, 0x0000000703600000| Complete 
|  28|0x0000000703800000, 0x0000000703a00000, 0x0000000703a00000|100%|HS|  |TAMS 0x0000000703800000, 0x0000000703800000| Complete 
|  29|0x0000000703a00000, 0x0000000703c00000, 0x0000000703c00000|100%| O|  |TAMS 0x0000000703a00000, 0x0000000703a00000| Untracked 
|  30|0x0000000703c00000, 0x0000000703e00000, 0x0000000703e00000|100%| O|  |TAMS 0x0000000703c00000, 0x0000000703c00000| Untracked 
|  31|0x0000000703e00000, 0x0000000704000000, 0x0000000704000000|100%| O|  |TAMS 0x0000000703e00000, 0x0000000703e00000| Untracked 
|  32|0x0000000704000000, 0x0000000704200000, 0x0000000704200000|100%| O|  |TAMS 0x0000000704000000, 0x0000000704000000| Untracked 
|  33|0x0000000704200000, 0x0000000704400000, 0x0000000704400000|100%| O|  |TAMS 0x0000000704200000, 0x0000000704200000| Untracked 
|  34|0x0000000704400000, 0x0000000704600000, 0x0000000704600000|100%| O|  |TAMS 0x0000000704400000, 0x0000000704400000| Untracked 
|  35|0x0000000704600000, 0x0000000704800000, 0x0000000704800000|100%| O|  |TAMS 0x0000000704600000, 0x0000000704600000| Untracked 
|  36|0x0000000704800000, 0x0000000704a00000, 0x0000000704a00000|100%| O|  |TAMS 0x0000000704800000, 0x0000000704800000| Untracked 
|  37|0x0000000704a00000, 0x0000000704c00000, 0x0000000704c00000|100%| O|  |TAMS 0x0000000704a00000, 0x0000000704a00000| Untracked 
|  38|0x0000000704c00000, 0x0000000704e00000, 0x0000000704e00000|100%| O|  |TAMS 0x0000000704c00000, 0x0000000704c00000| Untracked 
|  39|0x0000000704e00000, 0x0000000705000000, 0x0000000705000000|100%| O|  |TAMS 0x0000000704e00000, 0x0000000704e00000| Untracked 
|  40|0x0000000705000000, 0x0000000705200000, 0x0000000705200000|100%| O|  |TAMS 0x0000000705000000, 0x0000000705000000| Untracked 
|  41|0x0000000705200000, 0x0000000705400000, 0x0000000705400000|100%| O|  |TAMS 0x0000000705200000, 0x0000000705200000| Untracked 
|  42|0x0000000705400000, 0x0000000705600000, 0x0000000705600000|100%| O|  |TAMS 0x0000000705400000, 0x0000000705400000| Untracked 
|  43|0x0000000705600000, 0x0000000705800000, 0x0000000705800000|100%| O|  |TAMS 0x0000000705600000, 0x0000000705600000| Untracked 
|  44|0x0000000705800000, 0x0000000705a00000, 0x0000000705a00000|100%| O|  |TAMS 0x0000000705800000, 0x0000000705800000| Untracked 
|  45|0x0000000705a00000, 0x0000000705c00000, 0x0000000705c00000|100%| O|  |TAMS 0x0000000705a00000, 0x0000000705a00000| Untracked 
|  46|0x0000000705c00000, 0x0000000705e00000, 0x0000000705e00000|100%| O|  |TAMS 0x0000000705c00000, 0x0000000705c00000| Untracked 
|  47|0x0000000705e00000, 0x0000000706000000, 0x0000000706000000|100%| O|  |TAMS 0x0000000705e00000, 0x0000000705e00000| Untracked 
|  48|0x0000000706000000, 0x0000000706200000, 0x0000000706200000|100%| O|  |TAMS 0x0000000706000000, 0x0000000706000000| Untracked 
|  49|0x0000000706200000, 0x0000000706400000, 0x0000000706400000|100%| O|  |TAMS 0x0000000706200000, 0x0000000706200000| Untracked 
|  50|0x0000000706400000, 0x0000000706600000, 0x0000000706600000|100%| O|  |TAMS 0x0000000706400000, 0x0000000706400000| Untracked 
|  51|0x0000000706600000, 0x0000000706800000, 0x0000000706800000|100%| O|  |TAMS 0x0000000706600000, 0x0000000706600000| Untracked 
|  52|0x0000000706800000, 0x0000000706a00000, 0x0000000706a00000|100%| O|  |TAMS 0x0000000706800000, 0x0000000706800000| Untracked 
|  53|0x0000000706a00000, 0x0000000706c00000, 0x0000000706c00000|100%|HS|  |TAMS 0x0000000706a00000, 0x0000000706a00000| Complete 
|  54|0x0000000706c00000, 0x0000000706e00000, 0x0000000706e00000|100%|HC|  |TAMS 0x0000000706c00000, 0x0000000706c00000| Complete 
|  55|0x0000000706e00000, 0x0000000707000000, 0x0000000707000000|100%|HC|  |TAMS 0x0000000706e00000, 0x0000000706e00000| Complete 
|  56|0x0000000707000000, 0x0000000707200000, 0x0000000707200000|100%| O|  |TAMS 0x0000000707000000, 0x0000000707000000| Untracked 
|  57|0x0000000707200000, 0x0000000707400000, 0x0000000707400000|100%| O|  |TAMS 0x0000000707200000, 0x0000000707200000| Untracked 
|  58|0x0000000707400000, 0x0000000707600000, 0x0000000707600000|100%| O|  |TAMS 0x0000000707400000, 0x0000000707400000| Untracked 
|  59|0x0000000707600000, 0x0000000707800000, 0x0000000707800000|100%| O|  |TAMS 0x0000000707600000, 0x0000000707600000| Untracked 
|  60|0x0000000707800000, 0x0000000707a00000, 0x0000000707a00000|100%| O|  |TAMS 0x0000000707800000, 0x0000000707800000| Untracked 
|  61|0x0000000707a00000, 0x0000000707aec000, 0x0000000707c00000| 46%| O|  |TAMS 0x0000000707a00000, 0x0000000707a00000| Untracked 
|  62|0x0000000707c00000, 0x0000000707c00000, 0x0000000707e00000|  0%| F|  |TAMS 0x0000000707c00000, 0x0000000707c00000| Untracked 
|  63|0x0000000707e00000, 0x0000000707e00000, 0x0000000708000000|  0%| F|  |TAMS 0x0000000707e00000, 0x0000000707e00000| Untracked 
|  64|0x0000000708000000, 0x0000000708000000, 0x0000000708200000|  0%| F|  |TAMS 0x0000000708000000, 0x0000000708000000| Untracked 
|  65|0x0000000708200000, 0x0000000708200000, 0x0000000708400000|  0%| F|  |TAMS 0x0000000708200000, 0x0000000708200000| Untracked 
|  66|0x0000000708400000, 0x0000000708400000, 0x0000000708600000|  0%| F|  |TAMS 0x0000000708400000, 0x0000000708400000| Untracked 
|  67|0x0000000708600000, 0x0000000708600000, 0x0000000708800000|  0%| F|  |TAMS 0x0000000708600000, 0x0000000708600000| Untracked 
|  68|0x0000000708800000, 0x0000000708800000, 0x0000000708a00000|  0%| F|  |TAMS 0x0000000708800000, 0x0000000708800000| Untracked 
|  69|0x0000000708a00000, 0x0000000708a00000, 0x0000000708c00000|  0%| F|  |TAMS 0x0000000708a00000, 0x0000000708a00000| Untracked 
|  70|0x0000000708c00000, 0x0000000708c00000, 0x0000000708e00000|  0%| F|  |TAMS 0x0000000708c00000, 0x0000000708c00000| Untracked 
|  71|0x0000000708e00000, 0x0000000708e00000, 0x0000000709000000|  0%| F|  |TAMS 0x0000000708e00000, 0x0000000708e00000| Untracked 
|  72|0x0000000709000000, 0x0000000709000000, 0x0000000709200000|  0%| F|  |TAMS 0x0000000709000000, 0x0000000709000000| Untracked 
|  73|0x0000000709200000, 0x0000000709200000, 0x0000000709400000|  0%| F|  |TAMS 0x0000000709200000, 0x0000000709200000| Untracked 
|  74|0x0000000709400000, 0x0000000709400000, 0x0000000709600000|  0%| F|  |TAMS 0x0000000709400000, 0x0000000709400000| Untracked 
|  75|0x0000000709600000, 0x0000000709600000, 0x0000000709800000|  0%| F|  |TAMS 0x0000000709600000, 0x0000000709600000| Untracked 
|  76|0x0000000709800000, 0x0000000709800000, 0x0000000709a00000|  0%| F|  |TAMS 0x0000000709800000, 0x0000000709800000| Untracked 
|  77|0x0000000709a00000, 0x0000000709a00000, 0x0000000709c00000|  0%| F|  |TAMS 0x0000000709a00000, 0x0000000709a00000| Untracked 
|  78|0x0000000709c00000, 0x0000000709c00000, 0x0000000709e00000|  0%| F|  |TAMS 0x0000000709c00000, 0x0000000709c00000| Untracked 
|  79|0x0000000709e00000, 0x0000000709e00000, 0x000000070a000000|  0%| F|  |TAMS 0x0000000709e00000, 0x0000000709e00000| Untracked 
|  80|0x000000070a000000, 0x000000070a000000, 0x000000070a200000|  0%| F|  |TAMS 0x000000070a000000, 0x000000070a000000| Untracked 
|  81|0x000000070a200000, 0x000000070a200000, 0x000000070a400000|  0%| F|  |TAMS 0x000000070a200000, 0x000000070a200000| Untracked 
|  82|0x000000070a400000, 0x000000070a400000, 0x000000070a600000|  0%| F|  |TAMS 0x000000070a400000, 0x000000070a400000| Untracked 
|  83|0x000000070a600000, 0x000000070a600000, 0x000000070a800000|  0%| F|  |TAMS 0x000000070a600000, 0x000000070a600000| Untracked 
|  84|0x000000070a800000, 0x000000070a800000, 0x000000070aa00000|  0%| F|  |TAMS 0x000000070a800000, 0x000000070a800000| Untracked 
|  85|0x000000070aa00000, 0x000000070aa00000, 0x000000070ac00000|  0%| F|  |TAMS 0x000000070aa00000, 0x000000070aa00000| Untracked 
|  86|0x000000070ac00000, 0x000000070ac00000, 0x000000070ae00000|  0%| F|  |TAMS 0x000000070ac00000, 0x000000070ac00000| Untracked 
|  87|0x000000070ae00000, 0x000000070ae00000, 0x000000070b000000|  0%| F|  |TAMS 0x000000070ae00000, 0x000000070ae00000| Untracked 
|  88|0x000000070b000000, 0x000000070b000000, 0x000000070b200000|  0%| F|  |TAMS 0x000000070b000000, 0x000000070b000000| Untracked 
|  89|0x000000070b200000, 0x000000070b200000, 0x000000070b400000|  0%| F|  |TAMS 0x000000070b200000, 0x000000070b200000| Untracked 
|  90|0x000000070b400000, 0x000000070b400000, 0x000000070b600000|  0%| F|  |TAMS 0x000000070b400000, 0x000000070b400000| Untracked 
|  91|0x000000070b600000, 0x000000070b600000, 0x000000070b800000|  0%| F|  |TAMS 0x000000070b600000, 0x000000070b600000| Untracked 
|  92|0x000000070b800000, 0x000000070b800000, 0x000000070ba00000|  0%| F|  |TAMS 0x000000070b800000, 0x000000070b800000| Untracked 
|  93|0x000000070ba00000, 0x000000070ba00000, 0x000000070bc00000|  0%| F|  |TAMS 0x000000070ba00000, 0x000000070ba00000| Untracked 
|  94|0x000000070bc00000, 0x000000070bc00000, 0x000000070be00000|  0%| F|  |TAMS 0x000000070bc00000, 0x000000070bc00000| Untracked 
|  95|0x000000070be00000, 0x000000070be00000, 0x000000070c000000|  0%| F|  |TAMS 0x000000070be00000, 0x000000070be00000| Untracked 
|  96|0x000000070c000000, 0x000000070c000000, 0x000000070c200000|  0%| F|  |TAMS 0x000000070c000000, 0x000000070c000000| Untracked 
|  97|0x000000070c200000, 0x000000070c200000, 0x000000070c400000|  0%| F|  |TAMS 0x000000070c200000, 0x000000070c200000| Untracked 
|  98|0x000000070c400000, 0x000000070c400000, 0x000000070c600000|  0%| F|  |TAMS 0x000000070c400000, 0x000000070c400000| Untracked 
|  99|0x000000070c600000, 0x000000070c600000, 0x000000070c800000|  0%| F|  |TAMS 0x000000070c600000, 0x000000070c600000| Untracked 
| 100|0x000000070c800000, 0x000000070c800000, 0x000000070ca00000|  0%| F|  |TAMS 0x000000070c800000, 0x000000070c800000| Untracked 
| 101|0x000000070ca00000, 0x000000070ca00000, 0x000000070cc00000|  0%| F|  |TAMS 0x000000070ca00000, 0x000000070ca00000| Untracked 
| 102|0x000000070cc00000, 0x000000070cc00000, 0x000000070ce00000|  0%| F|  |TAMS 0x000000070cc00000, 0x000000070cc00000| Untracked 
| 103|0x000000070ce00000, 0x000000070ce00000, 0x000000070d000000|  0%| F|  |TAMS 0x000000070ce00000, 0x000000070ce00000| Untracked 
| 104|0x000000070d000000, 0x000000070d000000, 0x000000070d200000|  0%| F|  |TAMS 0x000000070d000000, 0x000000070d000000| Untracked 
| 105|0x000000070d200000, 0x000000070d200000, 0x000000070d400000|  0%| F|  |TAMS 0x000000070d200000, 0x000000070d200000| Untracked 
| 106|0x000000070d400000, 0x000000070d400000, 0x000000070d600000|  0%| F|  |TAMS 0x000000070d400000, 0x000000070d400000| Untracked 
| 107|0x000000070d600000, 0x000000070d600000, 0x000000070d800000|  0%| F|  |TAMS 0x000000070d600000, 0x000000070d600000| Untracked 
| 108|0x000000070d800000, 0x000000070d800000, 0x000000070da00000|  0%| F|  |TAMS 0x000000070d800000, 0x000000070d800000| Untracked 
| 109|0x000000070da00000, 0x000000070da00000, 0x000000070dc00000|  0%| F|  |TAMS 0x000000070da00000, 0x000000070da00000| Untracked 
| 110|0x000000070dc00000, 0x000000070dc00000, 0x000000070de00000|  0%| F|  |TAMS 0x000000070dc00000, 0x000000070dc00000| Untracked 
| 111|0x000000070de00000, 0x000000070de00000, 0x000000070e000000|  0%| F|  |TAMS 0x000000070de00000, 0x000000070de00000| Untracked 
| 112|0x000000070e000000, 0x000000070e000000, 0x000000070e200000|  0%| F|  |TAMS 0x000000070e000000, 0x000000070e000000| Untracked 
| 113|0x000000070e200000, 0x000000070e200000, 0x000000070e400000|  0%| F|  |TAMS 0x000000070e200000, 0x000000070e200000| Untracked 
| 114|0x000000070e400000, 0x000000070e400000, 0x000000070e600000|  0%| F|  |TAMS 0x000000070e400000, 0x000000070e400000| Untracked 
| 115|0x000000070e600000, 0x000000070e600000, 0x000000070e800000|  0%| F|  |TAMS 0x000000070e600000, 0x000000070e600000| Untracked 
| 116|0x000000070e800000, 0x000000070e800000, 0x000000070ea00000|  0%| F|  |TAMS 0x000000070e800000, 0x000000070e800000| Untracked 
| 117|0x000000070ea00000, 0x000000070ea00000, 0x000000070ec00000|  0%| F|  |TAMS 0x000000070ea00000, 0x000000070ea00000| Untracked 
| 118|0x000000070ec00000, 0x000000070ec00000, 0x000000070ee00000|  0%| F|  |TAMS 0x000000070ec00000, 0x000000070ec00000| Untracked 
| 119|0x000000070ee00000, 0x000000070ee00000, 0x000000070f000000|  0%| F|  |TAMS 0x000000070ee00000, 0x000000070ee00000| Untracked 
| 120|0x000000070f000000, 0x000000070f000000, 0x000000070f200000|  0%| F|  |TAMS 0x000000070f000000, 0x000000070f000000| Untracked 
| 121|0x000000070f200000, 0x000000070f200000, 0x000000070f400000|  0%| F|  |TAMS 0x000000070f200000, 0x000000070f200000| Untracked 
| 122|0x000000070f400000, 0x000000070f400000, 0x000000070f600000|  0%| F|  |TAMS 0x000000070f400000, 0x000000070f400000| Untracked 
| 123|0x000000070f600000, 0x000000070f600000, 0x000000070f800000|  0%| F|  |TAMS 0x000000070f600000, 0x000000070f600000| Untracked 
| 124|0x000000070f800000, 0x000000070f800000, 0x000000070fa00000|  0%| F|  |TAMS 0x000000070f800000, 0x000000070f800000| Untracked 
| 125|0x000000070fa00000, 0x000000070fa00000, 0x000000070fc00000|  0%| F|  |TAMS 0x000000070fa00000, 0x000000070fa00000| Untracked 
| 126|0x000000070fc00000, 0x000000070fc00000, 0x000000070fe00000|  0%| F|  |TAMS 0x000000070fc00000, 0x000000070fc00000| Untracked 
| 127|0x000000070fe00000, 0x000000070fe00000, 0x0000000710000000|  0%| F|  |TAMS 0x000000070fe00000, 0x000000070fe00000| Untracked 
| 128|0x0000000710000000, 0x0000000710000000, 0x0000000710200000|  0%| F|  |TAMS 0x0000000710000000, 0x0000000710000000| Untracked 
| 129|0x0000000710200000, 0x0000000710200000, 0x0000000710400000|  0%| F|  |TAMS 0x0000000710200000, 0x0000000710200000| Untracked 
| 130|0x0000000710400000, 0x0000000710400000, 0x0000000710600000|  0%| F|  |TAMS 0x0000000710400000, 0x0000000710400000| Untracked 
| 131|0x0000000710600000, 0x0000000710600000, 0x0000000710800000|  0%| F|  |TAMS 0x0000000710600000, 0x0000000710600000| Untracked 
| 132|0x0000000710800000, 0x0000000710800000, 0x0000000710a00000|  0%| F|  |TAMS 0x0000000710800000, 0x0000000710800000| Untracked 
| 133|0x0000000710a00000, 0x0000000710a00000, 0x0000000710c00000|  0%| F|  |TAMS 0x0000000710a00000, 0x0000000710a00000| Untracked 
| 134|0x0000000710c00000, 0x0000000710c00000, 0x0000000710e00000|  0%| F|  |TAMS 0x0000000710c00000, 0x0000000710c00000| Untracked 
| 135|0x0000000710e00000, 0x0000000710e00000, 0x0000000711000000|  0%| F|  |TAMS 0x0000000710e00000, 0x0000000710e00000| Untracked 
| 136|0x0000000711000000, 0x0000000711000000, 0x0000000711200000|  0%| F|  |TAMS 0x0000000711000000, 0x0000000711000000| Untracked 
| 137|0x0000000711200000, 0x0000000711200000, 0x0000000711400000|  0%| F|  |TAMS 0x0000000711200000, 0x0000000711200000| Untracked 
| 138|0x0000000711400000, 0x0000000711400000, 0x0000000711600000|  0%| F|  |TAMS 0x0000000711400000, 0x0000000711400000| Untracked 
| 139|0x0000000711600000, 0x0000000711600000, 0x0000000711800000|  0%| F|  |TAMS 0x0000000711600000, 0x0000000711600000| Untracked 
| 140|0x0000000711800000, 0x0000000711800000, 0x0000000711a00000|  0%| F|  |TAMS 0x0000000711800000, 0x0000000711800000| Untracked 
| 141|0x0000000711a00000, 0x0000000711a00000, 0x0000000711c00000|  0%| F|  |TAMS 0x0000000711a00000, 0x0000000711a00000| Untracked 
| 142|0x0000000711c00000, 0x0000000711c00000, 0x0000000711e00000|  0%| F|  |TAMS 0x0000000711c00000, 0x0000000711c00000| Untracked 
| 143|0x0000000711e00000, 0x0000000711e00000, 0x0000000712000000|  0%| F|  |TAMS 0x0000000711e00000, 0x0000000711e00000| Untracked 
| 144|0x0000000712000000, 0x0000000712000000, 0x0000000712200000|  0%| F|  |TAMS 0x0000000712000000, 0x0000000712000000| Untracked 
| 145|0x0000000712200000, 0x0000000712200000, 0x0000000712400000|  0%| F|  |TAMS 0x0000000712200000, 0x0000000712200000| Untracked 
| 146|0x0000000712400000, 0x0000000712400000, 0x0000000712600000|  0%| F|  |TAMS 0x0000000712400000, 0x0000000712400000| Untracked 
| 147|0x0000000712600000, 0x0000000712600000, 0x0000000712800000|  0%| F|  |TAMS 0x0000000712600000, 0x0000000712600000| Untracked 
| 148|0x0000000712800000, 0x0000000712800000, 0x0000000712a00000|  0%| F|  |TAMS 0x0000000712800000, 0x0000000712800000| Untracked 
| 149|0x0000000712a00000, 0x0000000712a00000, 0x0000000712c00000|  0%| F|  |TAMS 0x0000000712a00000, 0x0000000712a00000| Untracked 
| 150|0x0000000712c00000, 0x0000000712c00000, 0x0000000712e00000|  0%| F|  |TAMS 0x0000000712c00000, 0x0000000712c00000| Untracked 
| 151|0x0000000712e00000, 0x0000000712e00000, 0x0000000713000000|  0%| F|  |TAMS 0x0000000712e00000, 0x0000000712e00000| Untracked 
| 152|0x0000000713000000, 0x0000000713000000, 0x0000000713200000|  0%| F|  |TAMS 0x0000000713000000, 0x0000000713000000| Untracked 
| 153|0x0000000713200000, 0x0000000713200000, 0x0000000713400000|  0%| F|  |TAMS 0x0000000713200000, 0x0000000713200000| Untracked 
| 154|0x0000000713400000, 0x0000000713400000, 0x0000000713600000|  0%| F|  |TAMS 0x0000000713400000, 0x0000000713400000| Untracked 
| 155|0x0000000713600000, 0x0000000713600000, 0x0000000713800000|  0%| F|  |TAMS 0x0000000713600000, 0x0000000713600000| Untracked 
| 156|0x0000000713800000, 0x0000000713800000, 0x0000000713a00000|  0%| F|  |TAMS 0x0000000713800000, 0x0000000713800000| Untracked 
| 157|0x0000000713a00000, 0x0000000713a00000, 0x0000000713c00000|  0%| F|  |TAMS 0x0000000713a00000, 0x0000000713a00000| Untracked 
| 158|0x0000000713c00000, 0x0000000713c00000, 0x0000000713e00000|  0%| F|  |TAMS 0x0000000713c00000, 0x0000000713c00000| Untracked 
| 159|0x0000000713e00000, 0x0000000713e00000, 0x0000000714000000|  0%| F|  |TAMS 0x0000000713e00000, 0x0000000713e00000| Untracked 
| 160|0x0000000714000000, 0x0000000714000000, 0x0000000714200000|  0%| F|  |TAMS 0x0000000714000000, 0x0000000714000000| Untracked 
| 161|0x0000000714200000, 0x0000000714200000, 0x0000000714400000|  0%| F|  |TAMS 0x0000000714200000, 0x0000000714200000| Untracked 
| 162|0x0000000714400000, 0x0000000714400000, 0x0000000714600000|  0%| F|  |TAMS 0x0000000714400000, 0x0000000714400000| Untracked 
| 163|0x0000000714600000, 0x0000000714600000, 0x0000000714800000|  0%| F|  |TAMS 0x0000000714600000, 0x0000000714600000| Untracked 
| 164|0x0000000714800000, 0x0000000714800000, 0x0000000714a00000|  0%| F|  |TAMS 0x0000000714800000, 0x0000000714800000| Untracked 
| 165|0x0000000714a00000, 0x0000000714a00000, 0x0000000714c00000|  0%| F|  |TAMS 0x0000000714a00000, 0x0000000714a00000| Untracked 
| 166|0x0000000714c00000, 0x0000000714c00000, 0x0000000714e00000|  0%| F|  |TAMS 0x0000000714c00000, 0x0000000714c00000| Untracked 
| 167|0x0000000714e00000, 0x0000000714e00000, 0x0000000715000000|  0%| F|  |TAMS 0x0000000714e00000, 0x0000000714e00000| Untracked 
| 168|0x0000000715000000, 0x0000000715000000, 0x0000000715200000|  0%| F|  |TAMS 0x0000000715000000, 0x0000000715000000| Untracked 
| 169|0x0000000715200000, 0x0000000715200000, 0x0000000715400000|  0%| F|  |TAMS 0x0000000715200000, 0x0000000715200000| Untracked 
| 170|0x0000000715400000, 0x0000000715400000, 0x0000000715600000|  0%| F|  |TAMS 0x0000000715400000, 0x0000000715400000| Untracked 
| 171|0x0000000715600000, 0x0000000715600000, 0x0000000715800000|  0%| F|  |TAMS 0x0000000715600000, 0x0000000715600000| Untracked 
| 172|0x0000000715800000, 0x0000000715800000, 0x0000000715a00000|  0%| F|  |TAMS 0x0000000715800000, 0x0000000715800000| Untracked 
| 173|0x0000000715a00000, 0x0000000715a00000, 0x0000000715c00000|  0%| F|  |TAMS 0x0000000715a00000, 0x0000000715a00000| Untracked 
| 174|0x0000000715c00000, 0x0000000715c00000, 0x0000000715e00000|  0%| F|  |TAMS 0x0000000715c00000, 0x0000000715c00000| Untracked 
| 175|0x0000000715e00000, 0x0000000715e00000, 0x0000000716000000|  0%| F|  |TAMS 0x0000000715e00000, 0x0000000715e00000| Untracked 
| 176|0x0000000716000000, 0x0000000716000000, 0x0000000716200000|  0%| F|  |TAMS 0x0000000716000000, 0x0000000716000000| Untracked 
| 177|0x0000000716200000, 0x0000000716200000, 0x0000000716400000|  0%| F|  |TAMS 0x0000000716200000, 0x0000000716200000| Untracked 
| 178|0x0000000716400000, 0x0000000716400000, 0x0000000716600000|  0%| F|  |TAMS 0x0000000716400000, 0x0000000716400000| Untracked 
| 179|0x0000000716600000, 0x0000000716600000, 0x0000000716800000|  0%| F|  |TAMS 0x0000000716600000, 0x0000000716600000| Untracked 
| 180|0x0000000716800000, 0x0000000716800000, 0x0000000716a00000|  0%| F|  |TAMS 0x0000000716800000, 0x0000000716800000| Untracked 
| 181|0x0000000716a00000, 0x0000000716a00000, 0x0000000716c00000|  0%| F|  |TAMS 0x0000000716a00000, 0x0000000716a00000| Untracked 
| 182|0x0000000716c00000, 0x0000000716c00000, 0x0000000716e00000|  0%| F|  |TAMS 0x0000000716c00000, 0x0000000716c00000| Untracked 
| 183|0x0000000716e00000, 0x0000000716e00000, 0x0000000717000000|  0%| F|  |TAMS 0x0000000716e00000, 0x0000000716e00000| Untracked 
| 184|0x0000000717000000, 0x0000000717000000, 0x0000000717200000|  0%| F|  |TAMS 0x0000000717000000, 0x0000000717000000| Untracked 
| 185|0x0000000717200000, 0x0000000717200000, 0x0000000717400000|  0%| F|  |TAMS 0x0000000717200000, 0x0000000717200000| Untracked 
| 186|0x0000000717400000, 0x0000000717400000, 0x0000000717600000|  0%| F|  |TAMS 0x0000000717400000, 0x0000000717400000| Untracked 
| 187|0x0000000717600000, 0x0000000717600000, 0x0000000717800000|  0%| F|  |TAMS 0x0000000717600000, 0x0000000717600000| Untracked 
| 188|0x0000000717800000, 0x0000000717800000, 0x0000000717a00000|  0%| F|  |TAMS 0x0000000717800000, 0x0000000717800000| Untracked 
| 189|0x0000000717a00000, 0x0000000717a00000, 0x0000000717c00000|  0%| F|  |TAMS 0x0000000717a00000, 0x0000000717a00000| Untracked 
| 190|0x0000000717c00000, 0x0000000717c00000, 0x0000000717e00000|  0%| F|  |TAMS 0x0000000717c00000, 0x0000000717c00000| Untracked 
| 191|0x0000000717e00000, 0x0000000717e00000, 0x0000000718000000|  0%| F|  |TAMS 0x0000000717e00000, 0x0000000717e00000| Untracked 
| 192|0x0000000718000000, 0x0000000718000000, 0x0000000718200000|  0%| F|  |TAMS 0x0000000718000000, 0x0000000718000000| Untracked 
| 193|0x0000000718200000, 0x0000000718200000, 0x0000000718400000|  0%| F|  |TAMS 0x0000000718200000, 0x0000000718200000| Untracked 
| 194|0x0000000718400000, 0x0000000718400000, 0x0000000718600000|  0%| F|  |TAMS 0x0000000718400000, 0x0000000718400000| Untracked 
| 195|0x0000000718600000, 0x0000000718600000, 0x0000000718800000|  0%| F|  |TAMS 0x0000000718600000, 0x0000000718600000| Untracked 
| 196|0x0000000718800000, 0x0000000718800000, 0x0000000718a00000|  0%| F|  |TAMS 0x0000000718800000, 0x0000000718800000| Untracked 
| 197|0x0000000718a00000, 0x0000000718c00000, 0x0000000718c00000|100%| S|CS|TAMS 0x0000000718a00000, 0x0000000718a00000| Complete 
| 198|0x0000000718c00000, 0x0000000718e00000, 0x0000000718e00000|100%| S|CS|TAMS 0x0000000718c00000, 0x0000000718c00000| Complete 
| 199|0x0000000718e00000, 0x0000000718e00000, 0x0000000719000000|  0%| F|  |TAMS 0x0000000718e00000, 0x0000000718e00000| Untracked 
| 200|0x0000000719000000, 0x0000000719000000, 0x0000000719200000|  0%| F|  |TAMS 0x0000000719000000, 0x0000000719000000| Untracked 
| 201|0x0000000719200000, 0x0000000719200000, 0x0000000719400000|  0%| F|  |TAMS 0x0000000719200000, 0x0000000719200000| Untracked 
| 202|0x0000000719400000, 0x0000000719400000, 0x0000000719600000|  0%| F|  |TAMS 0x0000000719400000, 0x0000000719400000| Untracked 
| 203|0x0000000719600000, 0x0000000719600000, 0x0000000719800000|  0%| F|  |TAMS 0x0000000719600000, 0x0000000719600000| Untracked 
| 204|0x0000000719800000, 0x0000000719800000, 0x0000000719a00000|  0%| F|  |TAMS 0x0000000719800000, 0x0000000719800000| Untracked 
| 205|0x0000000719a00000, 0x0000000719a00000, 0x0000000719c00000|  0%| F|  |TAMS 0x0000000719a00000, 0x0000000719a00000| Untracked 
| 206|0x0000000719c00000, 0x0000000719c00000, 0x0000000719e00000|  0%| F|  |TAMS 0x0000000719c00000, 0x0000000719c00000| Untracked 
| 207|0x0000000719e00000, 0x0000000719e00000, 0x000000071a000000|  0%| F|  |TAMS 0x0000000719e00000, 0x0000000719e00000| Untracked 
| 208|0x000000071a000000, 0x000000071a000000, 0x000000071a200000|  0%| F|  |TAMS 0x000000071a000000, 0x000000071a000000| Untracked 
| 209|0x000000071a200000, 0x000000071a200000, 0x000000071a400000|  0%| F|  |TAMS 0x000000071a200000, 0x000000071a200000| Untracked 
| 210|0x000000071a400000, 0x000000071a400000, 0x000000071a600000|  0%| F|  |TAMS 0x000000071a400000, 0x000000071a400000| Untracked 
| 211|0x000000071a600000, 0x000000071a600000, 0x000000071a800000|  0%| F|  |TAMS 0x000000071a600000, 0x000000071a600000| Untracked 
| 212|0x000000071a800000, 0x000000071a800000, 0x000000071aa00000|  0%| F|  |TAMS 0x000000071a800000, 0x000000071a800000| Untracked 
| 213|0x000000071aa00000, 0x000000071aa00000, 0x000000071ac00000|  0%| F|  |TAMS 0x000000071aa00000, 0x000000071aa00000| Untracked 
| 214|0x000000071ac00000, 0x000000071ac00000, 0x000000071ae00000|  0%| F|  |TAMS 0x000000071ac00000, 0x000000071ac00000| Untracked 
| 215|0x000000071ae00000, 0x000000071ae00000, 0x000000071b000000|  0%| F|  |TAMS 0x000000071ae00000, 0x000000071ae00000| Untracked 
| 216|0x000000071b000000, 0x000000071b000000, 0x000000071b200000|  0%| F|  |TAMS 0x000000071b000000, 0x000000071b000000| Untracked 
| 217|0x000000071b200000, 0x000000071b200000, 0x000000071b400000|  0%| F|  |TAMS 0x000000071b200000, 0x000000071b200000| Untracked 
| 218|0x000000071b400000, 0x000000071b400000, 0x000000071b600000|  0%| F|  |TAMS 0x000000071b400000, 0x000000071b400000| Untracked 
| 219|0x000000071b600000, 0x000000071b600000, 0x000000071b800000|  0%| F|  |TAMS 0x000000071b600000, 0x000000071b600000| Untracked 
| 220|0x000000071b800000, 0x000000071b800000, 0x000000071ba00000|  0%| F|  |TAMS 0x000000071b800000, 0x000000071b800000| Untracked 
| 221|0x000000071ba00000, 0x000000071ba00000, 0x000000071bc00000|  0%| F|  |TAMS 0x000000071ba00000, 0x000000071ba00000| Untracked 
| 222|0x000000071bc00000, 0x000000071bc00000, 0x000000071be00000|  0%| F|  |TAMS 0x000000071bc00000, 0x000000071bc00000| Untracked 
| 223|0x000000071be00000, 0x000000071be00000, 0x000000071c000000|  0%| F|  |TAMS 0x000000071be00000, 0x000000071be00000| Untracked 
| 224|0x000000071c000000, 0x000000071c000000, 0x000000071c200000|  0%| F|  |TAMS 0x000000071c000000, 0x000000071c000000| Untracked 
| 225|0x000000071c200000, 0x000000071c200000, 0x000000071c400000|  0%| F|  |TAMS 0x000000071c200000, 0x000000071c200000| Untracked 
| 226|0x000000071c400000, 0x000000071c400000, 0x000000071c600000|  0%| F|  |TAMS 0x000000071c400000, 0x000000071c400000| Untracked 
| 227|0x000000071c600000, 0x000000071c600000, 0x000000071c800000|  0%| F|  |TAMS 0x000000071c600000, 0x000000071c600000| Untracked 
| 228|0x000000071c800000, 0x000000071c800000, 0x000000071ca00000|  0%| F|  |TAMS 0x000000071c800000, 0x000000071c800000| Untracked 
| 229|0x000000071ca00000, 0x000000071ca00000, 0x000000071cc00000|  0%| F|  |TAMS 0x000000071ca00000, 0x000000071ca00000| Untracked 
| 230|0x000000071cc00000, 0x000000071cc00000, 0x000000071ce00000|  0%| F|  |TAMS 0x000000071cc00000, 0x000000071cc00000| Untracked 
| 231|0x000000071ce00000, 0x000000071ce00000, 0x000000071d000000|  0%| F|  |TAMS 0x000000071ce00000, 0x000000071ce00000| Untracked 
| 232|0x000000071d000000, 0x000000071d000000, 0x000000071d200000|  0%| F|  |TAMS 0x000000071d000000, 0x000000071d000000| Untracked 
| 233|0x000000071d200000, 0x000000071d200000, 0x000000071d400000|  0%| F|  |TAMS 0x000000071d200000, 0x000000071d200000| Untracked 
| 234|0x000000071d400000, 0x000000071d400000, 0x000000071d600000|  0%| F|  |TAMS 0x000000071d400000, 0x000000071d400000| Untracked 
| 235|0x000000071d600000, 0x000000071d600000, 0x000000071d800000|  0%| F|  |TAMS 0x000000071d600000, 0x000000071d600000| Untracked 
| 236|0x000000071d800000, 0x000000071d800000, 0x000000071da00000|  0%| F|  |TAMS 0x000000071d800000, 0x000000071d800000| Untracked 
| 237|0x000000071da00000, 0x000000071da00000, 0x000000071dc00000|  0%| F|  |TAMS 0x000000071da00000, 0x000000071da00000| Untracked 
| 238|0x000000071dc00000, 0x000000071dc00000, 0x000000071de00000|  0%| F|  |TAMS 0x000000071dc00000, 0x000000071dc00000| Untracked 
| 239|0x000000071de00000, 0x000000071de00000, 0x000000071e000000|  0%| F|  |TAMS 0x000000071de00000, 0x000000071de00000| Untracked 
| 240|0x000000071e000000, 0x000000071e000000, 0x000000071e200000|  0%| F|  |TAMS 0x000000071e000000, 0x000000071e000000| Untracked 
| 241|0x000000071e200000, 0x000000071e200000, 0x000000071e400000|  0%| F|  |TAMS 0x000000071e200000, 0x000000071e200000| Untracked 
| 242|0x000000071e400000, 0x000000071e400000, 0x000000071e600000|  0%| F|  |TAMS 0x000000071e400000, 0x000000071e400000| Untracked 
| 243|0x000000071e600000, 0x000000071e600000, 0x000000071e800000|  0%| F|  |TAMS 0x000000071e600000, 0x000000071e600000| Untracked 
| 244|0x000000071e800000, 0x000000071e800000, 0x000000071ea00000|  0%| F|  |TAMS 0x000000071e800000, 0x000000071e800000| Untracked 
| 245|0x000000071ea00000, 0x000000071ea00000, 0x000000071ec00000|  0%| F|  |TAMS 0x000000071ea00000, 0x000000071ea00000| Untracked 
| 246|0x000000071ec00000, 0x000000071ec00000, 0x000000071ee00000|  0%| F|  |TAMS 0x000000071ec00000, 0x000000071ec00000| Untracked 
| 247|0x000000071ee00000, 0x000000071ee00000, 0x000000071f000000|  0%| F|  |TAMS 0x000000071ee00000, 0x000000071ee00000| Untracked 
| 248|0x000000071f000000, 0x000000071f000000, 0x000000071f200000|  0%| F|  |TAMS 0x000000071f000000, 0x000000071f000000| Untracked 
| 249|0x000000071f200000, 0x000000071f200000, 0x000000071f400000|  0%| F|  |TAMS 0x000000071f200000, 0x000000071f200000| Untracked 
| 250|0x000000071f400000, 0x000000071f400000, 0x000000071f600000|  0%| F|  |TAMS 0x000000071f400000, 0x000000071f400000| Untracked 
| 251|0x000000071f600000, 0x000000071f600000, 0x000000071f800000|  0%| F|  |TAMS 0x000000071f600000, 0x000000071f600000| Untracked 
| 252|0x000000071f800000, 0x000000071f800000, 0x000000071fa00000|  0%| F|  |TAMS 0x000000071f800000, 0x000000071f800000| Untracked 
| 253|0x000000071fa00000, 0x000000071fa00000, 0x000000071fc00000|  0%| F|  |TAMS 0x000000071fa00000, 0x000000071fa00000| Untracked 
| 254|0x000000071fc00000, 0x000000071fc00000, 0x000000071fe00000|  0%| F|  |TAMS 0x000000071fc00000, 0x000000071fc00000| Untracked 
| 255|0x000000071fe00000, 0x000000071fe00000, 0x0000000720000000|  0%| F|  |TAMS 0x000000071fe00000, 0x000000071fe00000| Untracked 
| 256|0x0000000720000000, 0x0000000720000000, 0x0000000720200000|  0%| F|  |TAMS 0x0000000720000000, 0x0000000720000000| Untracked 
| 257|0x0000000720200000, 0x0000000720200000, 0x0000000720400000|  0%| F|  |TAMS 0x0000000720200000, 0x0000000720200000| Untracked 
| 258|0x0000000720400000, 0x0000000720400000, 0x0000000720600000|  0%| F|  |TAMS 0x0000000720400000, 0x0000000720400000| Untracked 
| 259|0x0000000720600000, 0x0000000720600000, 0x0000000720800000|  0%| F|  |TAMS 0x0000000720600000, 0x0000000720600000| Untracked 
| 260|0x0000000720800000, 0x0000000720800000, 0x0000000720a00000|  0%| F|  |TAMS 0x0000000720800000, 0x0000000720800000| Untracked 
| 261|0x0000000720a00000, 0x0000000720a00000, 0x0000000720c00000|  0%| F|  |TAMS 0x0000000720a00000, 0x0000000720a00000| Untracked 
| 262|0x0000000720c00000, 0x0000000720c00000, 0x0000000720e00000|  0%| F|  |TAMS 0x0000000720c00000, 0x0000000720c00000| Untracked 
| 263|0x0000000720e00000, 0x0000000720e00000, 0x0000000721000000|  0%| F|  |TAMS 0x0000000720e00000, 0x0000000720e00000| Untracked 
| 264|0x0000000721000000, 0x0000000721000000, 0x0000000721200000|  0%| F|  |TAMS 0x0000000721000000, 0x0000000721000000| Untracked 
| 265|0x0000000721200000, 0x0000000721200000, 0x0000000721400000|  0%| F|  |TAMS 0x0000000721200000, 0x0000000721200000| Untracked 
| 266|0x0000000721400000, 0x0000000721400000, 0x0000000721600000|  0%| F|  |TAMS 0x0000000721400000, 0x0000000721400000| Untracked 
| 267|0x0000000721600000, 0x0000000721600000, 0x0000000721800000|  0%| F|  |TAMS 0x0000000721600000, 0x0000000721600000| Untracked 
| 268|0x0000000721800000, 0x0000000721800000, 0x0000000721a00000|  0%| F|  |TAMS 0x0000000721800000, 0x0000000721800000| Untracked 
| 269|0x0000000721a00000, 0x0000000721a00000, 0x0000000721c00000|  0%| F|  |TAMS 0x0000000721a00000, 0x0000000721a00000| Untracked 
| 270|0x0000000721c00000, 0x0000000721c00000, 0x0000000721e00000|  0%| F|  |TAMS 0x0000000721c00000, 0x0000000721c00000| Untracked 
| 271|0x0000000721e00000, 0x0000000721e00000, 0x0000000722000000|  0%| F|  |TAMS 0x0000000721e00000, 0x0000000721e00000| Untracked 
| 272|0x0000000722000000, 0x0000000722000000, 0x0000000722200000|  0%| F|  |TAMS 0x0000000722000000, 0x0000000722000000| Untracked 
| 273|0x0000000722200000, 0x0000000722200000, 0x0000000722400000|  0%| F|  |TAMS 0x0000000722200000, 0x0000000722200000| Untracked 
| 274|0x0000000722400000, 0x0000000722400000, 0x0000000722600000|  0%| F|  |TAMS 0x0000000722400000, 0x0000000722400000| Untracked 
| 275|0x0000000722600000, 0x0000000722600000, 0x0000000722800000|  0%| F|  |TAMS 0x0000000722600000, 0x0000000722600000| Untracked 
| 276|0x0000000722800000, 0x0000000722800000, 0x0000000722a00000|  0%| F|  |TAMS 0x0000000722800000, 0x0000000722800000| Untracked 
| 277|0x0000000722a00000, 0x0000000722a00000, 0x0000000722c00000|  0%| F|  |TAMS 0x0000000722a00000, 0x0000000722a00000| Untracked 
| 278|0x0000000722c00000, 0x0000000722c00000, 0x0000000722e00000|  0%| F|  |TAMS 0x0000000722c00000, 0x0000000722c00000| Untracked 
| 279|0x0000000722e00000, 0x0000000722e00000, 0x0000000723000000|  0%| F|  |TAMS 0x0000000722e00000, 0x0000000722e00000| Untracked 
| 280|0x0000000723000000, 0x0000000723000000, 0x0000000723200000|  0%| F|  |TAMS 0x0000000723000000, 0x0000000723000000| Untracked 
| 281|0x0000000723200000, 0x0000000723200000, 0x0000000723400000|  0%| F|  |TAMS 0x0000000723200000, 0x0000000723200000| Untracked 
| 282|0x0000000723400000, 0x0000000723400000, 0x0000000723600000|  0%| F|  |TAMS 0x0000000723400000, 0x0000000723400000| Untracked 
| 283|0x0000000723600000, 0x0000000723600000, 0x0000000723800000|  0%| F|  |TAMS 0x0000000723600000, 0x0000000723600000| Untracked 
| 284|0x0000000723800000, 0x0000000723800000, 0x0000000723a00000|  0%| F|  |TAMS 0x0000000723800000, 0x0000000723800000| Untracked 
| 285|0x0000000723a00000, 0x0000000723a00000, 0x0000000723c00000|  0%| F|  |TAMS 0x0000000723a00000, 0x0000000723a00000| Untracked 
| 286|0x0000000723c00000, 0x0000000723c00000, 0x0000000723e00000|  0%| F|  |TAMS 0x0000000723c00000, 0x0000000723c00000| Untracked 
| 287|0x0000000723e00000, 0x0000000723e00000, 0x0000000724000000|  0%| F|  |TAMS 0x0000000723e00000, 0x0000000723e00000| Untracked 
| 288|0x0000000724000000, 0x0000000724000000, 0x0000000724200000|  0%| F|  |TAMS 0x0000000724000000, 0x0000000724000000| Untracked 
| 289|0x0000000724200000, 0x0000000724200000, 0x0000000724400000|  0%| F|  |TAMS 0x0000000724200000, 0x0000000724200000| Untracked 
| 290|0x0000000724400000, 0x0000000724400000, 0x0000000724600000|  0%| F|  |TAMS 0x0000000724400000, 0x0000000724400000| Untracked 
| 291|0x0000000724600000, 0x0000000724600000, 0x0000000724800000|  0%| F|  |TAMS 0x0000000724600000, 0x0000000724600000| Untracked 
| 292|0x0000000724800000, 0x0000000724800000, 0x0000000724a00000|  0%| F|  |TAMS 0x0000000724800000, 0x0000000724800000| Untracked 
| 293|0x0000000724a00000, 0x0000000724a00000, 0x0000000724c00000|  0%| F|  |TAMS 0x0000000724a00000, 0x0000000724a00000| Untracked 

Card table byte_map: [0x000002d478fe0000,0x000002d4797e0000] _byte_map_base: 0x000002d4757e0000

Marking Bits (Prev, Next): (CMBitMap*) 0x000002d46636a540, (CMBitMap*) 0x000002d46636a580
 Prev Bits: [0x000002d479fe0000, 0x000002d47dfe0000)
 Next Bits: [0x000002d400000000, 0x000002d404000000)

Polling page: 0x000002d465ac0000

Metaspace:

Usage:
  Non-class:    103.99 MB used.
      Class:     14.66 MB used.
       Both:    118.65 MB used.

Virtual space:
  Non-class space:      128.00 MB reserved,     104.31 MB ( 81%) committed,  2 nodes.
      Class space:        1.00 GB reserved,      14.94 MB (  1%) committed,  1 nodes.
             Both:        1.12 GB reserved,     119.25 MB ( 10%) committed. 

Chunk freelists:
   Non-Class:  7.27 MB
       Class:  1.10 MB
        Both:  8.37 MB

MaxMetaspaceSize: unlimited
CompressedClassSpaceSize: 1.00 GB
Initial GC threshold: 21.00 MB
Current GC threshold: 135.88 MB
CDS: off
MetaspaceReclaimPolicy: balanced
 - commit_granule_bytes: 65536.
 - commit_granule_words: 8192.
 - virtual_space_node_default_size: 8388608.
 - enlarge_chunks_in_place: 1.
 - new_chunks_are_fully_committed: 0.
 - uncommit_free_chunks: 1.
 - use_allocation_guard: 0.
 - handle_deallocations: 1.


Internal statistics:

num_allocs_failed_limit: 11.
num_arena_births: 772.
num_arena_deaths: 2.
num_vsnodes_births: 3.
num_vsnodes_deaths: 0.
num_space_committed: 1906.
num_space_uncommitted: 0.
num_chunks_returned_to_freelist: 16.
num_chunks_taken_from_freelist: 4782.
num_chunk_merges: 6.
num_chunk_splits: 3656.
num_chunks_enlarged: 2986.
num_inconsistent_stats: 0.

CodeHeap 'non-profiled nmethods': size=120000Kb used=9270Kb max_used=9709Kb free=110729Kb
 bounds [0x000002d4712b0000, 0x000002d471c30000, 0x000002d4787e0000]
CodeHeap 'profiled nmethods': size=120000Kb used=40096Kb max_used=40841Kb free=79903Kb
 bounds [0x000002d4697e0000, 0x000002d46bfd0000, 0x000002d470d10000]
CodeHeap 'non-nmethods': size=5760Kb used=2450Kb max_used=2499Kb free=3309Kb
 bounds [0x000002d470d10000, 0x000002d470f90000, 0x000002d4712b0000]
 total_blobs=16386 nmethods=15392 adapters=901
 compilation: enabled
              stopped_count=0, restarted_count=0
 full_count=0

Compilation events (20 events):
Event: 169.013 Thread 0x000002d4047992e0 19500       3       org.gradle.api.internal.changedetection.state.MetaInfAwareClasspathResourceHasher$$Lambda$1183/0x0000000800ee6000::apply (8 bytes)
Event: 169.013 Thread 0x000002d4047992e0 nmethod 19500 0x000002d46afb0510 code [0x000002d46afb0720, 0x000002d46afb0d58]
Event: 169.013 Thread 0x000002d4047992e0 19501       3       org.gradle.api.internal.changedetection.state.MetaInfAwareClasspathResourceHasher::lambda$hashManifestAttributes$2 (16 bytes)
Event: 169.014 Thread 0x000002d4047992e0 nmethod 19501 0x000002d46afafd10 code [0x000002d46afaff00, 0x000002d46afb0398]
Event: 169.014 Thread 0x000002d4047992e0 19502       3       org.gradle.api.internal.changedetection.state.MetaInfAwareClasspathResourceHasher$$Lambda$1184/0x0000000800ee6260::apply (8 bytes)
Event: 169.014 Thread 0x000002d4047992e0 nmethod 19502 0x000002d46afaf590 code [0x000002d46afaf760, 0x000002d46afafba8]
Event: 169.028 Thread 0x000002d4047992e0 19503       3       java.util.jar.Attributes::<init> (7 bytes)
Event: 169.030 Thread 0x000002d4047992e0 nmethod 19503 0x000002d46a841490 code [0x000002d46a841680, 0x000002d46a841a48]
Event: 169.194 Thread 0x000002d4047992e0 19504       3       com.google.common.collect.AbstractIterator::<init> (12 bytes)
Event: 169.194 Thread 0x000002d4047992e0 nmethod 19504 0x000002d46afaee90 code [0x000002d46afaf040, 0x000002d46afaf278]
Event: 169.311 Thread 0x000002d4047989d0 19505 %     4       com.google.common.collect.ObjectArrays::checkElementsNotNull @ 2 (23 bytes)
Event: 169.312 Thread 0x000002d4047992e0 19506       3       java.util.ComparableTimSort::countRunAndMakeAscending (123 bytes)
Event: 169.313 Thread 0x000002d4047992e0 nmethod 19506 0x000002d46a840510 code [0x000002d46a840740, 0x000002d46a8411d8]
Event: 169.315 Thread 0x000002d4047989d0 nmethod 19505% 0x000002d471b48b90 code [0x000002d471b48d20, 0x000002d471b48ed8]
Event: 169.341 Thread 0x000002d4047992e0 19507       3       org.gradle.cache.internal.btree.CachingBlockStore::maybeCache (23 bytes)
Event: 169.345 Thread 0x000002d4047992e0 nmethod 19507 0x000002d46a83f510 code [0x000002d46a83f740, 0x000002d46a840148]
Event: 169.345 Thread 0x000002d4047992e0 19509       3       java.util.Iterator::forEachRemaining (30 bytes)
Event: 169.345 Thread 0x000002d4047992e0 nmethod 19509 0x000002d46a584210 code [0x000002d46a584400, 0x000002d46a584978]
Event: 169.345 Thread 0x000002d4047992e0 19508       3       org.gradle.cache.internal.btree.CachingBlockStore::isCacheable (12 bytes)
Event: 169.345 Thread 0x000002d4047992e0 nmethod 19508 0x000002d46a583d90 code [0x000002d46a583f40, 0x000002d46a584148]

GC Heap History (20 events):
Event: 114.671 GC heap after
{Heap after GC invocations=99 (full 0):
 garbage-first heap   total 301056K, used 110495K [0x0000000700000000, 0x0000000800000000)
  region size 2048K, 4 young (8192K), 4 survivors (8192K)
 Metaspace       used 104252K, committed 104832K, reserved 1179648K
  class space    used 12548K, committed 12800K, reserved 1048576K
}
Event: 116.479 GC heap before
{Heap before GC invocations=99 (full 0):
 garbage-first heap   total 301056K, used 247711K [0x0000000700000000, 0x0000000800000000)
  region size 2048K, 71 young (145408K), 4 survivors (8192K)
 Metaspace       used 104255K, committed 104832K, reserved 1179648K
  class space    used 12548K, committed 12800K, reserved 1048576K
}
Event: 116.491 GC heap after
{Heap after GC invocations=100 (full 0):
 garbage-first heap   total 301056K, used 111475K [0x0000000700000000, 0x0000000800000000)
  region size 2048K, 4 young (8192K), 4 survivors (8192K)
 Metaspace       used 104255K, committed 104832K, reserved 1179648K
  class space    used 12548K, committed 12800K, reserved 1048576K
}
Event: 117.689 GC heap before
{Heap before GC invocations=100 (full 0):
 garbage-first heap   total 301056K, used 252787K [0x0000000700000000, 0x0000000800000000)
  region size 2048K, 73 young (149504K), 4 survivors (8192K)
 Metaspace       used 104255K, committed 104832K, reserved 1179648K
  class space    used 12548K, committed 12800K, reserved 1048576K
}
Event: 117.730 GC heap after
{Heap after GC invocations=101 (full 0):
 garbage-first heap   total 301056K, used 112079K [0x0000000700000000, 0x0000000800000000)
  region size 2048K, 5 young (10240K), 5 survivors (10240K)
 Metaspace       used 104255K, committed 104832K, reserved 1179648K
  class space    used 12548K, committed 12800K, reserved 1048576K
}
Event: 119.063 GC heap before
{Heap before GC invocations=101 (full 0):
 garbage-first heap   total 301056K, used 253391K [0x0000000700000000, 0x0000000800000000)
  region size 2048K, 74 young (151552K), 5 survivors (10240K)
 Metaspace       used 104255K, committed 104832K, reserved 1179648K
  class space    used 12548K, committed 12800K, reserved 1048576K
}
Event: 119.084 GC heap after
{Heap after GC invocations=102 (full 0):
 garbage-first heap   total 602112K, used 112826K [0x0000000700000000, 0x0000000800000000)
  region size 2048K, 5 young (10240K), 5 survivors (10240K)
 Metaspace       used 104255K, committed 104832K, reserved 1179648K
  class space    used 12548K, committed 12800K, reserved 1048576K
}
Event: 125.631 GC heap before
{Heap before GC invocations=102 (full 0):
 garbage-first heap   total 602112K, used 467130K [0x0000000700000000, 0x0000000800000000)
  region size 2048K, 176 young (360448K), 5 survivors (10240K)
 Metaspace       used 106329K, committed 106944K, reserved 1179648K
  class space    used 12766K, committed 13056K, reserved 1048576K
}
Event: 125.861 GC heap after
{Heap after GC invocations=103 (full 0):
 garbage-first heap   total 602112K, used 104340K [0x0000000700000000, 0x0000000800000000)
  region size 2048K, 4 young (8192K), 4 survivors (8192K)
 Metaspace       used 106329K, committed 106944K, reserved 1179648K
  class space    used 12766K, committed 13056K, reserved 1048576K
}
Event: 149.671 GC heap before
{Heap before GC invocations=103 (full 0):
 garbage-first heap   total 602112K, used 468884K [0x0000000700000000, 0x0000000800000000)
  region size 2048K, 176 young (360448K), 4 survivors (8192K)
 Metaspace       used 116211K, committed 116800K, reserved 1179648K
  class space    used 14177K, committed 14464K, reserved 1048576K
}
Event: 150.223 GC heap after
{Heap after GC invocations=104 (full 0):
 garbage-first heap   total 602112K, used 125683K [0x0000000700000000, 0x0000000800000000)
  region size 2048K, 11 young (22528K), 11 survivors (22528K)
 Metaspace       used 116211K, committed 116800K, reserved 1179648K
  class space    used 14177K, committed 14464K, reserved 1048576K
}
Event: 151.396 GC heap before
{Heap before GC invocations=104 (full 0):
 garbage-first heap   total 602112K, used 131827K [0x0000000700000000, 0x0000000800000000)
  region size 2048K, 14 young (28672K), 11 survivors (22528K)
 Metaspace       used 116215K, committed 116800K, reserved 1179648K
  class space    used 14177K, committed 14464K, reserved 1048576K
}
Event: 151.811 GC heap after
{Heap after GC invocations=105 (full 0):
 garbage-first heap   total 602112K, used 127857K [0x0000000700000000, 0x0000000800000000)
  region size 2048K, 2 young (4096K), 2 survivors (4096K)
 Metaspace       used 116215K, committed 116800K, reserved 1179648K
  class space    used 14177K, committed 14464K, reserved 1048576K
}
Event: 159.302 GC heap before
{Heap before GC invocations=105 (full 0):
 garbage-first heap   total 602112K, used 301937K [0x0000000700000000, 0x0000000800000000)
  region size 2048K, 87 young (178176K), 2 survivors (4096K)
 Metaspace       used 121388K, committed 122048K, reserved 1179648K
  class space    used 14994K, committed 15296K, reserved 1048576K
}
Event: 159.442 GC heap after
{Heap after GC invocations=106 (full 0):
 garbage-first heap   total 602112K, used 130663K [0x0000000700000000, 0x0000000800000000)
  region size 2048K, 3 young (6144K), 3 survivors (6144K)
 Metaspace       used 121388K, committed 122048K, reserved 1179648K
  class space    used 14994K, committed 15296K, reserved 1048576K
}
Event: 163.689 GC heap before
{Heap before GC invocations=106 (full 0):
 garbage-first heap   total 602112K, used 288359K [0x0000000700000000, 0x0000000800000000)
  region size 2048K, 80 young (163840K), 3 survivors (6144K)
 Metaspace       used 121406K, committed 122048K, reserved 1179648K
  class space    used 14997K, committed 15296K, reserved 1048576K
}
Event: 163.730 GC heap after
{Heap after GC invocations=107 (full 0):
 garbage-first heap   total 602112K, used 132557K [0x0000000700000000, 0x0000000800000000)
  region size 2048K, 4 young (8192K), 4 survivors (8192K)
 Metaspace       used 121406K, committed 122048K, reserved 1179648K
  class space    used 14997K, committed 15296K, reserved 1048576K
}
Event: 166.021 GC heap before
{Heap before GC invocations=107 (full 0):
 garbage-first heap   total 602112K, used 308685K [0x0000000700000000, 0x0000000800000000)
  region size 2048K, 90 young (184320K), 4 survivors (8192K)
 Metaspace       used 121408K, committed 122048K, reserved 1179648K
  class space    used 14997K, committed 15296K, reserved 1048576K
}
Event: 166.084 GC heap after
{Heap after GC invocations=108 (full 0):
 garbage-first heap   total 602112K, used 135220K [0x0000000700000000, 0x0000000800000000)
  region size 2048K, 5 young (10240K), 5 survivors (10240K)
 Metaspace       used 121408K, committed 122048K, reserved 1179648K
  class space    used 14997K, committed 15296K, reserved 1048576K
}
Event: 169.386 GC heap before
{Heap before GC invocations=108 (full 0):
 garbage-first heap   total 602112K, used 319540K [0x0000000700000000, 0x0000000800000000)
  region size 2048K, 95 young (194560K), 5 survivors (10240K)
 Metaspace       used 121496K, committed 122112K, reserved 1179648K
  class space    used 15010K, committed 15296K, reserved 1048576K
}

Dll operation events (2 events):
Event: 0.017 Loaded shared library C:\Program Files\Android\Android Studio\jbr\bin\java.dll
Event: 1.194 Loaded shared library C:\Program Files\Android\Android Studio\jbr\bin\verify.dll

Deoptimization events (20 events):
Event: 167.470 Thread 0x000002d40a743e50 DEOPT PACKING pc=0x000002d471b5bf14 sp=0x000000fe364f5870
Event: 167.470 Thread 0x000002d40a743e50 DEOPT UNPACKING pc=0x000002d470d669a3 sp=0x000000fe364f5810 mode 2
Event: 167.470 Thread 0x000002d40a743e50 Uncommon trap: trap_request=0xffffffde fr.pc=0x000002d4713994f4 relative=0x0000000000001634
Event: 167.470 Thread 0x000002d40a743e50 Uncommon trap: reason=class_check action=maybe_recompile pc=0x000002d4713994f4 method=java.util.zip.InflaterInputStream.read([BII)I @ 100 c2
Event: 167.470 Thread 0x000002d40a743e50 DEOPT PACKING pc=0x000002d4713994f4 sp=0x000000fe364f5b50
Event: 167.470 Thread 0x000002d40a743e50 DEOPT UNPACKING pc=0x000002d470d669a3 sp=0x000000fe364f5ba0 mode 2
Event: 167.476 Thread 0x000002d40a743e50 DEOPT PACKING pc=0x000002d46a3e4154 sp=0x000000fe364f6130
Event: 167.476 Thread 0x000002d40a743e50 DEOPT UNPACKING pc=0x000002d470d67143 sp=0x000000fe364f56f8 mode 0
Event: 167.654 Thread 0x000002d40a743e50 Uncommon trap: trap_request=0xffffffc6 fr.pc=0x000002d471b5bf14 relative=0x00000000000001d4
Event: 167.654 Thread 0x000002d40a743e50 Uncommon trap: reason=bimorphic_or_optimized_type_check action=maybe_recompile pc=0x000002d471b5bf14 method=java.util.TreeSet.addAll(Ljava/util/Collection;)Z @ 13 c2
Event: 167.654 Thread 0x000002d40a743e50 DEOPT PACKING pc=0x000002d471b5bf14 sp=0x000000fe364f5bc0
Event: 167.654 Thread 0x000002d40a743e50 DEOPT UNPACKING pc=0x000002d470d669a3 sp=0x000000fe364f5b60 mode 2
Event: 168.931 Thread 0x000002d40a743e50 Uncommon trap: trap_request=0xffffff45 fr.pc=0x000002d47157e260 relative=0x00000000000005a0
Event: 168.931 Thread 0x000002d40a743e50 Uncommon trap: reason=unstable_if action=reinterpret pc=0x000002d47157e260 method=java.util.ComparableTimSort.countRunAndMakeAscending([Ljava/lang/Object;II)I @ 25 c2
Event: 168.931 Thread 0x000002d40a743e50 DEOPT PACKING pc=0x000002d47157e260 sp=0x000000fe364f6100
Event: 168.931 Thread 0x000002d40a743e50 DEOPT UNPACKING pc=0x000002d470d669a3 sp=0x000000fe364f60b8 mode 2
Event: 168.997 Thread 0x000002d40a743e50 Uncommon trap: trap_request=0xffffff45 fr.pc=0x000002d4718461e8 relative=0x0000000000000168
Event: 168.997 Thread 0x000002d40a743e50 Uncommon trap: reason=unstable_if action=reinterpret pc=0x000002d4718461e8 method=java.util.concurrent.locks.ReentrantLock$NonfairSync.initialTryLock()Z @ 25 c2
Event: 168.997 Thread 0x000002d40a743e50 DEOPT PACKING pc=0x000002d4718461e8 sp=0x000000fe364f6280
Event: 168.997 Thread 0x000002d40a743e50 DEOPT UNPACKING pc=0x000002d470d669a3 sp=0x000000fe364f6220 mode 2

Classes unloaded (6 events):
Event: 17.613 Thread 0x000002d4044f18a0 Unloading class 0x000000080062d040 '_BuildScript_$_run_closure2'
Event: 17.615 Thread 0x000002d4044f18a0 Unloading class 0x000000080062cc30 '_BuildScript_$_run_closure1$_closure4'
Event: 17.615 Thread 0x000002d4044f18a0 Unloading class 0x000000080062c820 '_BuildScript_$_run_closure1$_closure3$_closure5'
Event: 17.615 Thread 0x000002d4044f18a0 Unloading class 0x000000080062c410 '_BuildScript_$_run_closure1$_closure3'
Event: 17.615 Thread 0x000002d4044f18a0 Unloading class 0x000000080062c000 '_BuildScript_$_run_closure1'
Event: 17.615 Thread 0x000002d4044f18a0 Unloading class 0x0000000800620800 '_BuildScript_'

Classes redefined (0 events):
No events

Internal exceptions (20 events):
Event: 110.050 Thread 0x000002d40a743e50 Implicit null exception at 0x000002d4715f71b0 to 0x000002d4715f71e0
Event: 110.086 Thread 0x000002d40a743e50 Implicit null exception at 0x000002d4716b6d50 to 0x000002d4716b6e1c
Event: 110.154 Thread 0x000002d40a743e50 Implicit null exception at 0x000002d4715ef9f0 to 0x000002d4715efa98
Event: 124.700 Thread 0x000002d40a743e50 Implicit null exception at 0x000002d471b6ec22 to 0x000002d471b766d0
Event: 128.920 Thread 0x000002d40a743e50 Exception <a 'java/lang/IncompatibleClassChangeError'{0x000000071dc343b8}: Found class java.lang.Object, but interface was expected> (0x000000071dc343b8) 
thrown [s\src\hotspot\share\interpreter\linkResolver.cpp, line 838]
Event: 131.434 Thread 0x000002d40a743e50 Implicit null exception at 0x000002d471565c03 to 0x000002d471567dbc
Event: 137.903 Thread 0x000002d40a743e50 Implicit null exception at 0x000002d4718552f3 to 0x000002d471855398
Event: 140.701 Thread 0x000002d40beae6f0 Exception <a 'sun/nio/fs/WindowsException'{0x0000000714404e30}> (0x0000000714404e30) 
thrown [s\src\hotspot\share\prims\jni.cpp, line 517]
Event: 140.703 Thread 0x000002d40beae6f0 Implicit null exception at 0x000002d47165220f to 0x000002d471652b38
Event: 140.792 Thread 0x000002d40beae6f0 Exception <a 'sun/nio/fs/WindowsException'{0x00000007144308d8}> (0x00000007144308d8) 
thrown [s\src\hotspot\share\prims\jni.cpp, line 517]
Event: 140.871 Thread 0x000002d40beae6f0 Exception <a 'sun/nio/fs/WindowsException'{0x0000000714430a50}> (0x0000000714430a50) 
thrown [s\src\hotspot\share\prims\jni.cpp, line 517]
Event: 152.743 Thread 0x000002d40beae1e0 Exception <a 'sun/nio/fs/WindowsException'{0x0000000723f8d550}> (0x0000000723f8d550) 
thrown [s\src\hotspot\share\prims\jni.cpp, line 517]
Event: 152.752 Thread 0x000002d40beae1e0 Implicit null exception at 0x000002d47165828f to 0x000002d471658b54
Event: 152.798 Thread 0x000002d40beae1e0 Exception <a 'sun/nio/fs/WindowsException'{0x0000000723fb77f0}> (0x0000000723fb77f0) 
thrown [s\src\hotspot\share\prims\jni.cpp, line 517]
Event: 152.810 Thread 0x000002d40beae1e0 Exception <a 'sun/nio/fs/WindowsException'{0x0000000723fb7970}> (0x0000000723fb7970) 
thrown [s\src\hotspot\share\prims\jni.cpp, line 517]
Event: 154.403 Thread 0x000002d40a743e50 Exception <a 'java/lang/NoSuchMethodError'{0x00000007236319c0}: 'java.lang.Object java.lang.invoke.DirectMethodHandle$Holder.newInvokeSpecial(java.lang.Object, int, java.lang.Object)'> (0x00000007236319c0) 
thrown [s\src\hotspot\share\interpreter\linkResolver.cpp, line 771]
Event: 155.110 Thread 0x000002d40a743e50 Exception <a 'java/lang/IncompatibleClassChangeError'{0x0000000722c9d6f0}: Found class java.lang.Object, but interface was expected> (0x0000000722c9d6f0) 
thrown [s\src\hotspot\share\interpreter\linkResolver.cpp, line 838]
Event: 155.311 Thread 0x000002d40a743e50 Implicit null exception at 0x000002d47176de55 to 0x000002d47176e170
Event: 155.311 Thread 0x000002d40a743e50 Implicit null exception at 0x000002d471c266bc to 0x000002d471c27618
Event: 155.784 Thread 0x000002d40a743e50 Exception <a 'java/lang/NoSuchMethodError'{0x00000007222ce750}: 'java.lang.Object java.lang.invoke.DirectMethodHandle$Holder.invokeSpecial(java.lang.Object, java.lang.Object, int, java.lang.Object, java.lang.Object, java.lang.Object)'> (0x00000007222ce750) 
thrown [s\src\hotspot\share\interpreter\linkResolver.cpp, line 771]

VM Operations (20 events):
Event: 159.443 Executing VM operation: G1CollectForAllocation done
Event: 163.686 Executing VM operation: G1CollectForAllocation
Event: 163.731 Executing VM operation: G1CollectForAllocation done
Event: 166.021 Executing VM operation: G1CollectForAllocation
Event: 166.084 Executing VM operation: G1CollectForAllocation done
Event: 167.316 Executing VM operation: HandshakeAllThreads
Event: 167.316 Executing VM operation: HandshakeAllThreads done
Event: 167.316 Executing VM operation: Cleanup
Event: 167.317 Executing VM operation: Cleanup done
Event: 167.371 Executing VM operation: HandshakeAllThreads
Event: 167.371 Executing VM operation: HandshakeAllThreads done
Event: 167.400 Executing VM operation: HandshakeAllThreads
Event: 167.400 Executing VM operation: HandshakeAllThreads done
Event: 167.403 Executing VM operation: HandshakeAllThreads
Event: 167.403 Executing VM operation: HandshakeAllThreads done
Event: 167.413 Executing VM operation: HandshakeAllThreads
Event: 167.414 Executing VM operation: HandshakeAllThreads done
Event: 168.424 Executing VM operation: Cleanup
Event: 168.424 Executing VM operation: Cleanup done
Event: 169.386 Executing VM operation: G1CollectForAllocation

Events (20 events):
Event: 155.302 loading class jdk/jfr/FlightRecorderListener
Event: 155.302 loading class jdk/jfr/FlightRecorderListener done
Event: 155.302 loading class jdk/management/jfr/FlightRecorderMXBeanImpl$MXBeanListener done
Event: 155.305 loading class sun/reflect/misc/MethodUtil
Event: 155.306 loading class sun/reflect/misc/MethodUtil done
Event: 155.307 loading class sun/reflect/misc/MethodUtil$1
Event: 155.307 loading class sun/reflect/misc/MethodUtil$1 done
Event: 155.321 Thread 0x000002d40beb1480 Thread added: 0x000002d40beb1480
Event: 167.319 loading class java/util/zip/ZipInputStream
Event: 167.367 loading class java/util/zip/ZipInputStream done
Event: 167.372 loading class java/io/PushbackInputStream
Event: 167.378 loading class java/io/PushbackInputStream done
Event: 167.439 loading class java/util/stream/SortedOps$OfRef
Event: 167.453 loading class java/util/stream/ReferencePipeline$StatefulOp
Event: 167.456 loading class java/util/stream/ReferencePipeline$StatefulOp done
Event: 167.459 loading class java/util/stream/SortedOps$OfRef done
Event: 167.459 loading class java/util/stream/SortedOps$RefSortingSink
Event: 167.464 loading class java/util/stream/SortedOps$AbstractRefSortingSink
Event: 167.466 loading class java/util/stream/SortedOps$AbstractRefSortingSink done
Event: 167.466 loading class java/util/stream/SortedOps$RefSortingSink done


Dynamic libraries:
0x00007ff6606a0000 - 0x00007ff6606aa000 	C:\Program Files\Android\Android Studio\jbr\bin\java.exe
0x00007ffdbcb70000 - 0x00007ffdbcd68000 	C:\WINDOWS\SYSTEM32\ntdll.dll
0x00007ffdbb110000 - 0x00007ffdbb1cd000 	C:\WINDOWS\System32\KERNEL32.DLL
0x00007ffdba6a0000 - 0x00007ffdba996000 	C:\WINDOWS\System32\KERNELBASE.dll
0x00007ffdb3350000 - 0x00007ffdb3367000 	C:\Program Files\Android\Android Studio\jbr\bin\jli.dll
0x00007ffdbbb60000 - 0x00007ffdbbcff000 	C:\WINDOWS\System32\USER32.dll
0x00007ffdba580000 - 0x00007ffdba5a2000 	C:\WINDOWS\System32\win32u.dll
0x00007ffdbb2a0000 - 0x00007ffdbb2cb000 	C:\WINDOWS\System32\GDI32.dll
0x00007ffdba220000 - 0x00007ffdba337000 	C:\WINDOWS\System32\gdi32full.dll
0x00007ffdba600000 - 0x00007ffdba69d000 	C:\WINDOWS\System32\msvcp_win.dll
0x00007ffdbaaa0000 - 0x00007ffdbaba0000 	C:\WINDOWS\System32\ucrtbase.dll
0x00007ffdb7910000 - 0x00007ffdb792b000 	C:\Program Files\Android\Android Studio\jbr\bin\VCRUNTIME140.dll
0x00007ffdadce0000 - 0x00007ffdadf7a000 	C:\WINDOWS\WinSxS\amd64_microsoft.windows.common-controls_6595b64144ccf1df_6.0.19041.3636_none_60b6a03d71f818d5\COMCTL32.dll
0x00007ffdbc650000 - 0x00007ffdbc6ee000 	C:\WINDOWS\System32\msvcrt.dll
0x00007ffdbb1d0000 - 0x00007ffdbb202000 	C:\WINDOWS\System32\IMM32.DLL
0x00007ffdb78f0000 - 0x00007ffdb78fc000 	C:\Program Files\Android\Android Studio\jbr\bin\vcruntime140_1.dll
0x00007ffd94c70000 - 0x00007ffd94cfd000 	C:\Program Files\Android\Android Studio\jbr\bin\msvcp140.dll
0x00007ffd8be30000 - 0x00007ffd8cab3000 	C:\Program Files\Android\Android Studio\jbr\bin\server\jvm.dll
0x00007ffdbb970000 - 0x00007ffdbba20000 	C:\WINDOWS\System32\ADVAPI32.dll
0x00007ffdbacc0000 - 0x00007ffdbad60000 	C:\WINDOWS\System32\sechost.dll
0x00007ffdbc470000 - 0x00007ffdbc593000 	C:\WINDOWS\System32\RPCRT4.dll
0x00007ffdba550000 - 0x00007ffdba577000 	C:\WINDOWS\System32\bcrypt.dll
0x00007ffdb9c00000 - 0x00007ffdb9c4b000 	C:\WINDOWS\SYSTEM32\POWRPROF.dll
0x00007ffdb7930000 - 0x00007ffdb7939000 	C:\WINDOWS\SYSTEM32\WSOCK32.dll
0x00007ffdab900000 - 0x00007ffdab927000 	C:\WINDOWS\SYSTEM32\WINMM.dll
0x00007ffdbaf10000 - 0x00007ffdbaf7b000 	C:\WINDOWS\System32\WS2_32.dll
0x00007ffda97d0000 - 0x00007ffda97da000 	C:\WINDOWS\SYSTEM32\VERSION.dll
0x00007ffdb9bc0000 - 0x00007ffdb9bd2000 	C:\WINDOWS\SYSTEM32\UMPDC.dll
0x00007ffdb8120000 - 0x00007ffdb8132000 	C:\WINDOWS\SYSTEM32\kernel.appcore.dll
0x00007ffdb78e0000 - 0x00007ffdb78ea000 	C:\Program Files\Android\Android Studio\jbr\bin\jimage.dll
0x00007ffda6720000 - 0x00007ffda6904000 	C:\WINDOWS\SYSTEM32\DBGHELP.DLL
0x00007ffda6610000 - 0x00007ffda6644000 	C:\WINDOWS\SYSTEM32\dbgcore.DLL
0x00007ffdba9a0000 - 0x00007ffdbaa22000 	C:\WINDOWS\System32\bcryptPrimitives.dll
0x00007ffdb38e0000 - 0x00007ffdb3905000 	C:\Program Files\Android\Android Studio\jbr\bin\java.dll
0x00007ffdb4400000 - 0x00007ffdb4418000 	C:\Program Files\Android\Android Studio\jbr\bin\zip.dll
0x00007ffdbbd00000 - 0x00007ffdbc46b000 	C:\WINDOWS\System32\SHELL32.dll
0x00007ffdb82b0000 - 0x00007ffdb8a4e000 	C:\WINDOWS\SYSTEM32\windows.storage.dll
0x00007ffdbc6f0000 - 0x00007ffdbca43000 	C:\WINDOWS\System32\combase.dll
0x00007ffdb9c50000 - 0x00007ffdb9c7e000 	C:\WINDOWS\SYSTEM32\Wldp.dll
0x00007ffdbafe0000 - 0x00007ffdbb0ad000 	C:\WINDOWS\System32\OLEAUT32.dll
0x00007ffdbba20000 - 0x00007ffdbbacd000 	C:\WINDOWS\System32\SHCORE.dll
0x00007ffdbb0b0000 - 0x00007ffdbb105000 	C:\WINDOWS\System32\shlwapi.dll
0x00007ffdba150000 - 0x00007ffdba173000 	C:\WINDOWS\SYSTEM32\profapi.dll
0x00007ffdb3ce0000 - 0x00007ffdb3cf9000 	C:\Program Files\Android\Android Studio\jbr\bin\net.dll
0x00007ffdb1df0000 - 0x00007ffdb1efa000 	C:\WINDOWS\SYSTEM32\WINHTTP.dll
0x00007ffdb9930000 - 0x00007ffdb999a000 	C:\WINDOWS\system32\mswsock.dll
0x00007ffdb37c0000 - 0x00007ffdb37d6000 	C:\Program Files\Android\Android Studio\jbr\bin\nio.dll
0x00007ffdb4e70000 - 0x00007ffdb4e80000 	C:\Program Files\Android\Android Studio\jbr\bin\verify.dll
0x00007ffdac6d0000 - 0x00007ffdac6f7000 	C:\Users\farrukh\.gradle\native\c067742578af261105cb4f569cf0c3c89f3d7b1fecec35dd04571415982c5e48\windows-amd64\native-platform.dll
0x00007ffd8ec50000 - 0x00007ffd8ed94000 	C:\Users\farrukh\.gradle\native\38dada09dfb8b06ba9b0570ebf7e218e3eb74d4ef43ca46872605cf95ebc2f47\windows-amd64\native-platform-file-events.dll
0x00007ffdb5390000 - 0x00007ffdb5399000 	C:\Program Files\Android\Android Studio\jbr\bin\management.dll
0x00007ffdb5040000 - 0x00007ffdb504b000 	C:\Program Files\Android\Android Studio\jbr\bin\management_ext.dll
0x00007ffdbb960000 - 0x00007ffdbb968000 	C:\WINDOWS\System32\PSAPI.DLL
0x00007ffdb9b20000 - 0x00007ffdb9b38000 	C:\WINDOWS\SYSTEM32\CRYPTSP.dll
0x00007ffdb9200000 - 0x00007ffdb9234000 	C:\WINDOWS\system32\rsaenh.dll
0x00007ffdba110000 - 0x00007ffdba13e000 	C:\WINDOWS\SYSTEM32\USERENV.dll
0x00007ffdb9b40000 - 0x00007ffdb9b4c000 	C:\WINDOWS\SYSTEM32\CRYPTBASE.dll
0x00007ffdb95c0000 - 0x00007ffdb95fb000 	C:\WINDOWS\SYSTEM32\IPHLPAPI.DLL
0x00007ffdbbb50000 - 0x00007ffdbbb58000 	C:\WINDOWS\System32\NSI.dll
0x00007ffdb1470000 - 0x00007ffdb1487000 	C:\WINDOWS\SYSTEM32\dhcpcsvc6.DLL
0x00007ffdb2940000 - 0x00007ffdb295d000 	C:\WINDOWS\SYSTEM32\dhcpcsvc.DLL
0x00007ffdb9600000 - 0x00007ffdb96cb000 	C:\WINDOWS\SYSTEM32\DNSAPI.dll
0x00007ffdb78d0000 - 0x00007ffdb78d7000 	C:\WINDOWS\system32\wshunix.dll

dbghelp: loaded successfully - version: 4.0.5 - missing functions: none
symbol engine: initialized successfully - sym options: 0x614 - pdb path: .;C:\Program Files\Android\Android Studio\jbr\bin;C:\WINDOWS\SYSTEM32;C:\WINDOWS\WinSxS\amd64_microsoft.windows.common-controls_6595b64144ccf1df_6.0.19041.3636_none_60b6a03d71f818d5;C:\Program Files\Android\Android Studio\jbr\bin\server;C:\Users\farrukh\.gradle\native\c067742578af261105cb4f569cf0c3c89f3d7b1fecec35dd04571415982c5e48\windows-amd64;C:\Users\farrukh\.gradle\native\38dada09dfb8b06ba9b0570ebf7e218e3eb74d4ef43ca46872605cf95ebc2f47\windows-amd64

VM Arguments:
jvm_args: --add-opens=java.base/java.util=ALL-UNNAMED --add-opens=java.base/java.lang=ALL-UNNAMED --add-opens=java.base/java.lang.invoke=ALL-UNNAMED --add-opens=java.prefs/java.util.prefs=ALL-UNNAMED --add-opens=java.base/java.nio.charset=ALL-UNNAMED --add-opens=java.base/java.net=ALL-UNNAMED --add-opens=java.base/java.util.concurrent.atomic=ALL-UNNAMED -Xmx4G -Dfile.encoding=windows-1252 -Duser.country=US -Duser.language=en -Duser.variant 
java_command: org.gradle.launcher.daemon.bootstrap.GradleDaemon 7.6.3
java_class_path (initial): C:\Users\farrukh\.gradle\wrapper\dists\gradle-7.6.3-all\aocdy2d2z8kodnny3rsumj8i8\gradle-7.6.3\lib\gradle-launcher-7.6.3.jar
Launcher Type: SUN_STANDARD

[Global flags]
     intx CICompilerCount                          = 3                                         {product} {ergonomic}
     uint ConcGCThreads                            = 1                                         {product} {ergonomic}
     uint G1ConcRefinementThreads                  = 4                                         {product} {ergonomic}
   size_t G1HeapRegionSize                         = 2097152                                   {product} {ergonomic}
    uintx GCDrainStackTargetSize                   = 64                                        {product} {ergonomic}
   size_t InitialHeapSize                          = 67108864                                  {product} {ergonomic}
   size_t MarkStackSize                            = 4194304                                   {product} {ergonomic}
   size_t MaxHeapSize                              = 4294967296                                {product} {command line}
   size_t MaxNewSize                               = 2575302656                                {product} {ergonomic}
   size_t MinHeapDeltaBytes                        = 2097152                                   {product} {ergonomic}
   size_t MinHeapSize                              = 8388608                                   {product} {ergonomic}
    uintx NonNMethodCodeHeapSize                   = 5832780                                {pd product} {ergonomic}
    uintx NonProfiledCodeHeapSize                  = 122912730                              {pd product} {ergonomic}
    uintx ProfiledCodeHeapSize                     = 122912730                              {pd product} {ergonomic}
    uintx ReservedCodeCacheSize                    = 251658240                              {pd product} {ergonomic}
     bool SegmentedCodeCache                       = true                                      {product} {ergonomic}
   size_t SoftMaxHeapSize                          = 4294967296                             {manageable} {ergonomic}
     bool UseCompressedClassPointers               = true                           {product lp64_product} {ergonomic}
     bool UseCompressedOops                        = true                           {product lp64_product} {ergonomic}
     bool UseG1GC                                  = true                                      {product} {ergonomic}
     bool UseLargePagesIndividualAllocation        = false                                  {pd product} {ergonomic}

Logging:
Log output configuration:
 #0: stdout all=warning uptime,level,tags
 #1: stderr all=off uptime,level,tags

Environment Variables:
JAVA_HOME=C:\Program Files\Android\Android Studio\jbr
CLASSPATH=C:\Users\farrukh\Desktop\flutter projects\classico\android\\gradle\wrapper\gradle-wrapper.jar
PATH=C:\Program Files\Android\Android Studio\jbr\bin;C:\WINDOWS\system32;C:\WINDOWS;C:\WINDOWS\System32\Wbem;C:\WINDOWS\System32\WindowsPowerShell\v1.0\;C:\WINDOWS\System32\OpenSSH\;C:\Program Files\Git\cmd;E:\dart-sdk\bin;C:\flutter\bin;C:\Users\farrukh\AppData\Local\Microsoft\WindowsApps;C:\Users\farrukh\Downloads\flutter_windows_3.19.6-stable\flutter\bin;;C:\Users\farrukh\Downloads\flutter_windows_3.19.6-stable\flutter\bin\mingit\cmd
USERNAME=farrukh
OS=Windows_NT
PROCESSOR_IDENTIFIER=Intel64 Family 6 Model 58 Stepping 9, GenuineIntel
TMP=C:\Users\farrukh\AppData\Local\Temp
TEMP=C:\Users\farrukh\AppData\Local\Temp



Periodic native trim disabled

JNI global refs:
JNI global refs: 24, weak refs: 0

JNI global refs memory usage: 843, weak refs: 841

OOME stack traces (most recent first):
Classloader memory used:
Loader org.gradle.internal.classloader.VisitableURLClassLoader                         : 11275K
Loader bootstrap                                                                       : 2934K
Loader org.gradle.initialization.MixInLegacyTypesClassLoader                           : 811K
Loader jdk.internal.loader.ClassLoaders$PlatformClassLoader                            : 65426B
Loader jdk.internal.jrtfs.JrtFileSystemProvider$JrtFsLoader                            : 43503B
Loader jdk.internal.loader.ClassLoaders$AppClassLoader                                 : 26016B
Loader jdk.internal.reflect.DelegatingClassLoader                                      : 24987B
Loader org.gradle.groovy.scripts.internal.DefaultScriptCompilationHandler$ScriptClassLoader: 5099B
Loader org.gradle.internal.classloader.VisitableURLClassLoader                         : 2004B
Loader org.codehaus.groovy.runtime.callsite.CallSiteClassLoader                        : 1879B
Loader sun.reflect.misc.MethodUtil                                                     : 373B

Classes loaded by more than one classloader:
Class org.gradle.internal.installation.GradleInstallation                             : loaded 2 times (x 73B)
Class org.gradle.internal.classpath.ClassPath                                         : loaded 2 times (x 68B)
Class org.gradle.api.internal.classpath.DefaultModuleRegistry                         : loaded 2 times (x 84B)
Class jdk.internal.jimage.BasicImageReader$1                                          : loaded 2 times (x 75B)
Class org.gradle.api.Action                                                           : loaded 2 times (x 68B)
Class jdk.internal.jimage.ImageBufferCache$1                                          : loaded 2 times (x 78B)
Class jdk.internal.jimage.ImageBufferCache$2                                          : loaded 2 times (x 89B)
Class org.gradle.api.internal.DefaultClassPathProvider                                : loaded 2 times (x 74B)
Class org.gradle.internal.installation.GradleInstallation$1                           : loaded 2 times (x 73B)
Class jdk.internal.jrtfs.SystemImage$1                                                : loaded 2 times (x 76B)
Class jdk.internal.jrtfs.SystemImage$2                                                : loaded 2 times (x 74B)
Class org.gradle.internal.classloader.FilteringClassLoader                            : loaded 2 times (x 103B)
Class jdk.internal.jimage.ImageReader$Resource                                        : loaded 2 times (x 82B)
Class jdk.internal.jrtfs.SystemImage                                                  : loaded 2 times (x 72B)
Class org.gradle.internal.classpath.DefaultClassPath$ImmutableUniqueList$Builder      : loaded 2 times (x 73B)
Class jdk.internal.jrtfs.JrtDirectoryStream$1                                         : loaded 2 times (x 81B)
Class org.gradle.internal.classloader.ClassLoaderVisitor                              : loaded 2 times (x 74B)
Class org.gradle.internal.service.DefaultServiceLocator                               : loaded 2 times (x 81B)
Class org.gradle.internal.service.UnknownServiceException                             : loaded 2 times (x 81B)
Class org.gradle.internal.classloader.DefaultClassLoaderFactory                       : loaded 2 times (x 80B)
Class jdk.internal.jimage.ImageReader$SharedImageReader                               : loaded 2 times (x 93B)
Class jdk.internal.jimage.decompressor.ZipDecompressorFactory                         : loaded 2 times (x 72B)
Class org.gradle.internal.classloader.VisitableURLClassLoader$Spec                    : loaded 2 times (x 72B)
Class org.gradle.api.GradleException                                                  : loaded 2 times (x 80B)
Class org.gradle.api.internal.classpath.ModuleRegistry                                : loaded 2 times (x 68B)
Class org.gradle.api.internal.ClassPathProvider                                       : loaded 2 times (x 68B)
Class org.gradle.internal.classloader.ClasspathUtil$1                                 : loaded 2 times (x 74B)
Class org.gradle.internal.classloader.ClassLoaderFactory                              : loaded 2 times (x 68B)
Class jdk.internal.jimage.ImageHeader                                                 : loaded 2 times (x 69B)
Class org.gradle.api.internal.classpath.ManifestUtil                                  : loaded 2 times (x 69B)
Class org.gradle.api.specs.Spec                                                       : loaded 2 times (x 68B)
Class org.gradle.internal.IoActions                                                   : loaded 2 times (x 69B)
Class jdk.internal.jimage.decompressor.StringSharingDecompressorFactory               : loaded 2 times (x 72B)
Class org.gradle.api.internal.classpath.EffectiveClassPath                            : loaded 2 times (x 88B)
Class org.gradle.internal.installation.CurrentGradleInstallation                      : loaded 2 times (x 71B)
Class org.gradle.internal.installation.CurrentGradleInstallationLocator               : loaded 2 times (x 69B)
Class org.gradle.api.internal.classpath.Module                                        : loaded 2 times (x 68B)
Class org.gradle.internal.service.CachingServiceLocator                               : loaded 2 times (x 80B)
Class org.gradle.internal.classpath.DefaultClassPath                                  : loaded 2 times (x 88B)
Class org.gradle.api.Transformer                                                      : loaded 2 times (x 68B)
Class jdk.internal.jimage.BasicImageReader                                            : loaded 2 times (x 93B)
Class jdk.internal.jimage.ImageLocation                                               : loaded 2 times (x 88B)
Class jdk.internal.jimage.ImageReader$Node                                            : loaded 2 times (x 82B)
Class jdk.internal.jimage.decompressor.CompressedResourceHeader                       : loaded 2 times (x 69B)
Class jdk.internal.jrtfs.JrtPath                                                      : loaded 2 times (x 116B)
Class jdk.internal.jimage.ImageStrings                                                : loaded 2 times (x 68B)
Class jdk.internal.jrtfs.JrtFileAttributes                                            : loaded 2 times (x 81B)
Class org.gradle.internal.classloader.SystemClassLoaderSpec                           : loaded 2 times (x 69B)
Class jdk.internal.jimage.decompressor.ResourceDecompressorRepository                 : loaded 2 times (x 69B)
Class org.gradle.api.UncheckedIOException                                             : loaded 2 times (x 80B)
Class jdk.internal.jimage.decompressor.ResourceDecompressor$StringsProvider           : loaded 2 times (x 68B)
Class Program                                                                         : loaded 2 times (x 72B)
Class jdk.internal.jimage.decompressor.Decompressor                                   : loaded 2 times (x 70B)
Class jdk.internal.jrtfs.JrtFileSystem                                                : loaded 2 times (x 100B)
Class jdk.internal.jrtfs.JrtFileSystemProvider                                        : loaded 2 times (x 97B)
Class org.gradle.internal.classloader.ClasspathUtil                                   : loaded 2 times (x 69B)
Class jdk.internal.jrtfs.JrtDirectoryStream                                           : loaded 2 times (x 87B)
Class jdk.internal.jimage.decompressor.ResourceDecompressor                           : loaded 2 times (x 68B)
Class org.gradle.api.internal.DefaultClassPathRegistry                                : loaded 2 times (x 74B)
Class org.gradle.api.internal.classpath.DefaultModuleRegistry$DefaultModule           : loaded 2 times (x 84B)
Class org.gradle.api.internal.classpath.UnknownModuleException                        : loaded 2 times (x 80B)
Class org.gradle.internal.service.ServiceLookupException                              : loaded 2 times (x 80B)
Class jdk.internal.jimage.ImageStringsReader                                          : loaded 2 times (x 78B)
Class org.gradle.cache.GlobalCache                                                    : loaded 2 times (x 68B)
Class jdk.internal.jimage.decompressor.ResourceDecompressorFactory                    : loaded 2 times (x 72B)
Class [Lorg.gradle.api.internal.ClassPathProvider;                                    : loaded 2 times (x 67B)
Class jdk.internal.jimage.ImageReader$SharedImageReader$LocationVisitor               : loaded 2 times (x 68B)
Class org.gradle.util.internal.GUtil                                                  : loaded 2 times (x 69B)
Class jdk.internal.jimage.decompressor.ZipDecompressor                                : loaded 2 times (x 73B)
Class org.gradle.internal.classloader.ClassLoaderSpec                                 : loaded 2 times (x 69B)
Class org.gradle.internal.classloader.VisitableURLClassLoader                         : loaded 2 times (x 115B)
Class org.gradle.internal.Cast                                                        : loaded 2 times (x 69B)
Class org.gradle.api.internal.ClassPathRegistry                                       : loaded 2 times (x 68B)
Class org.gradle.internal.classloader.ClassLoaderHierarchy                            : loaded 2 times (x 68B)
Class jdk.internal.jimage.ImageReader                                                 : loaded 2 times (x 73B)
Class org.gradle.internal.service.ServiceLocator                                      : loaded 2 times (x 68B)
Class org.gradle.internal.classpath.DefaultClassPath$ImmutableUniqueList              : loaded 2 times (x 159B)
Class jdk.internal.jimage.ImageBufferCache                                            : loaded 2 times (x 69B)
Class jdk.internal.jimage.ImageReader$Directory                                       : loaded 2 times (x 82B)


---------------  S Y S T E M  ---------------

OS:
 Windows 10 , 64 bit Build 19041 (10.0.19041.3636)
OS uptime: 22 days 3:19 hours

CPU: total 4 (initial active 4) (2 cores per cpu, 2 threads per core) family 6 model 58 stepping 9 microcode 0x21, cx8, cmov, fxsr, ht, mmx, sse, sse2, sse3, ssse3, sse4.1, sse4.2, popcnt, tsc, tscinvbit, avx, aes, erms, clmul, vzeroupper, clflush
Processor Information for all 4 processors :
  Max Mhz: 3001, Current Mhz: 3001, Mhz Limit: 3001

Memory: 4k page, system-wide physical 3980M (218M free)
TotalPageFile size 9867M (AvailPageFile size 204M)
current process WorkingSet (physical memory assigned to process): 335M, peak: 376M
current process commit charge ("private bytes"): 932M, peak: 1419M

vm_info: OpenJDK 64-Bit Server VM (17.0.9+0--11185874) for windows-amd64 JRE (17.0.9+0--11185874), built on Dec  6 2023 18:57:44 by "androidbuild" with MS VC++ 16.10 / 16.11 (VS2019)

END.
