#
# There is insufficient memory for the Java Runtime Environment to continue.
# Native memory allocation (malloc) failed to allocate 770016 bytes for Chunk::new
# Possible reasons:
#   The system is out of physical RAM or swap space
#   The process is running with CompressedOops enabled, and the Java Heap may be blocking the growth of the native heap
# Possible solutions:
#   Reduce memory load on the system
#   Increase physical memory or swap space
#   Check if swap backing store is full
#   Decrease Java heap size (-Xmx/-Xms)
#   Decrease number of Java threads
#   Decrease Java thread stack sizes (-Xss)
#   Set larger code cache with -XX:ReservedCodeCacheSize=
#   JVM is running with Zero Based Compressed Oops mode in which the Java heap is
#     placed in the first 32GB address space. The Java Heap base address is the
#     maximum limit for the native heap growth. Please use -XX:HeapBaseMinAddress
#     to set the Java Heap base and to place the Java Heap above 32GB virtual address.
# This output file may be truncated or incomplete.
#
#  Out of Memory Error (arena.cpp:191), pid=1240, tid=6848
#
# JRE version: OpenJDK Runtime Environment (17.0.9) (build 17.0.9+0--11185874)
# Java VM: OpenJDK 64-Bit Server VM (17.0.9+0--11185874, mixed mode, tiered, compressed oops, compressed class ptrs, g1 gc, windows-amd64)
# No core dump will be written. Minidumps are not enabled by default on client versions of Windows
#

---------------  S U M M A R Y ------------

Command Line: --add-opens=java.base/java.util=ALL-UNNAMED --add-opens=java.base/java.lang=ALL-UNNAMED --add-opens=java.base/java.lang.invoke=ALL-UNNAMED --add-opens=java.prefs/java.util.prefs=ALL-UNNAMED --add-opens=java.base/java.nio.charset=ALL-UNNAMED --add-opens=java.base/java.net=ALL-UNNAMED --add-opens=java.base/java.util.concurrent.atomic=ALL-UNNAMED -Xmx4G -Dfile.encoding=windows-1252 -Duser.country=US -Duser.language=en -Duser.variant org.gradle.launcher.daemon.bootstrap.GradleDaemon 7.6.3

Host: Intel(R) Core(TM) i7-3540M CPU @ 3.00GHz, 4 cores, 3G,  Windows 10 , 64 bit Build 19041 (10.0.19041.3636)
Time: Thu May 16 07:09:41 2024 Pacific Daylight Time elapsed time: 148.363720 seconds (0d 0h 2m 28s)

---------------  T H R E A D  ---------------

Current thread (0x000001da751fde90):  JavaThread "C2 CompilerThread0" daemon [_thread_in_native, id=6848, stack(0x0000002d47000000,0x0000002d47100000)]


Current CompileTask:
C2: 148364 6507       4       java.lang.PublicMethods::merge (81 bytes)

Stack: [0x0000002d47000000,0x0000002d47100000]
Native frames: (J=compiled Java code, j=interpreted, Vv=VM code, C=native code)
V  [jvm.dll+0x6886e9]
V  [jvm.dll+0x841e4a]
V  [jvm.dll+0x843a8e]
V  [jvm.dll+0x8440f3]
V  [jvm.dll+0x24c14f]
V  [jvm.dll+0xac44c]
V  [jvm.dll+0xaca9c]
V  [jvm.dll+0x36c1f7]
V  [jvm.dll+0x33651a]
V  [jvm.dll+0x3359ba]
V  [jvm.dll+0x21ddb1]
V  [jvm.dll+0x21d1d1]
V  [jvm.dll+0x1a674d]
V  [jvm.dll+0x22d088]
V  [jvm.dll+0x22b1c0]
V  [jvm.dll+0x7f62f7]
V  [jvm.dll+0x7f06aa]
V  [jvm.dll+0x687565]
C  [ucrtbase.dll+0x21bb2]
C  [KERNEL32.DLL+0x17344]
C  [ntdll.dll+0x526b1]


---------------  P R O C E S S  ---------------

Threads class SMR info:
_java_thread_list=0x000001da7aa71c10, length=64, elements={
0x000001da56fee260, 0x000001da751b0c10, 0x000001da751b19a0, 0x000001da751d1920,
0x000001da751d22f0, 0x000001da751fa9b0, 0x000001da751fb280, 0x000001da751fde90,
0x000001da751fe850, 0x000001da75450340, 0x000001da755dacb0, 0x000001da755df9c0,
0x000001da7a1e5ea0, 0x000001da7a954270, 0x000001da7a834100, 0x000001da7aad2290,
0x000001da7a835b90, 0x000001da7a9d3a40, 0x000001da7a9d2600, 0x000001da7a9d3020,
0x000001da7a9d4970, 0x000001da7a9d2b10, 0x000001da7a9d3530, 0x000001da7a9d3f50,
0x000001da7a9d11c0, 0x000001da7a9d16d0, 0x000001da7a9d4460, 0x000001da7a9d20f0,
0x000001da7ca7e9c0, 0x000001da7ca7f8f0, 0x000001da7ca7e4b0, 0x000001da7ca83ac0,
0x000001da7ca7eed0, 0x000001da7ca82680, 0x000001da7ca83fd0, 0x000001da7ca81240,
0x000001da7ca82170, 0x000001da7ca81750, 0x000001da7ca7f3e0, 0x000001da7ca835b0,
0x000001da7ca7fe00, 0x000001da7ca80310, 0x000001da7ca80820, 0x000001da7ca81c60,
0x000001da7ca82b90, 0x000001da7ca844e0, 0x000001da7ca7da90, 0x000001da7ca849f0,
0x000001da7ca7d580, 0x000001da7ac39050, 0x000001da7ac3d220, 0x000001da7ac3cd10,
0x000001da7ac3d730, 0x000001da7ac3a9a0, 0x000001da7ac3bde0, 0x000001da7ac39560,
0x000001da7ac39a70, 0x000001da7ac3a490, 0x000001da7ac3c2f0, 0x000001da7ac3c800,
0x000001da7ac3e150, 0x000001da7ac3f590, 0x000001da7ac404c0, 0x000001da7ac3e660
}

Java Threads: ( => current thread )
  0x000001da56fee260 JavaThread "main" [_thread_blocked, id=11920, stack(0x0000002d46300000,0x0000002d46400000)]
  0x000001da751b0c10 JavaThread "Reference Handler" daemon [_thread_blocked, id=6452, stack(0x0000002d46a00000,0x0000002d46b00000)]
  0x000001da751b19a0 JavaThread "Finalizer" daemon [_thread_blocked, id=10728, stack(0x0000002d46b00000,0x0000002d46c00000)]
  0x000001da751d1920 JavaThread "Signal Dispatcher" daemon [_thread_blocked, id=12324, stack(0x0000002d46c00000,0x0000002d46d00000)]
  0x000001da751d22f0 JavaThread "Attach Listener" daemon [_thread_blocked, id=12300, stack(0x0000002d46d00000,0x0000002d46e00000)]
  0x000001da751fa9b0 JavaThread "Service Thread" daemon [_thread_blocked, id=5484, stack(0x0000002d46e00000,0x0000002d46f00000)]
  0x000001da751fb280 JavaThread "Monitor Deflation Thread" daemon [_thread_blocked, id=12384, stack(0x0000002d46f00000,0x0000002d47000000)]
=>0x000001da751fde90 JavaThread "C2 CompilerThread0" daemon [_thread_in_native, id=6848, stack(0x0000002d47000000,0x0000002d47100000)]
  0x000001da751fe850 JavaThread "C1 CompilerThread0" daemon [_thread_blocked, id=12892, stack(0x0000002d47100000,0x0000002d47200000)]
  0x000001da75450340 JavaThread "Sweeper thread" daemon [_thread_blocked, id=5604, stack(0x0000002d47200000,0x0000002d47300000)]
  0x000001da755dacb0 JavaThread "Common-Cleaner" daemon [_thread_blocked, id=3692, stack(0x0000002d47300000,0x0000002d47400000)]
  0x000001da755df9c0 JavaThread "Notification Thread" daemon [_thread_blocked, id=1128, stack(0x0000002d47400000,0x0000002d47500000)]
  0x000001da7a1e5ea0 JavaThread "Daemon health stats" [_thread_blocked, id=13160, stack(0x0000002d47900000,0x0000002d47a00000)]
  0x000001da7a954270 JavaThread "Incoming local TCP Connector on port 64779" [_thread_in_native, id=11932, stack(0x0000002d47a00000,0x0000002d47b00000)]
  0x000001da7a834100 JavaThread "Daemon periodic checks" [_thread_blocked, id=932, stack(0x0000002d47b00000,0x0000002d47c00000)]
  0x000001da7aad2290 JavaThread "Daemon" [_thread_blocked, id=9256, stack(0x0000002d47c00000,0x0000002d47d00000)]
  0x000001da7a835b90 JavaThread "Handler for socket connection from /127.0.0.1:64779 to /127.0.0.1:64780" [_thread_in_native, id=8200, stack(0x0000002d47d00000,0x0000002d47e00000)]
  0x000001da7a9d3a40 JavaThread "Cancel handler" [_thread_blocked, id=12580, stack(0x0000002d47e00000,0x0000002d47f00000)]
  0x000001da7a9d2600 JavaThread "Daemon worker" [_thread_blocked, id=7380, stack(0x0000002d47f00000,0x0000002d48000000)]
  0x000001da7a9d3020 JavaThread "Asynchronous log dispatcher for DefaultDaemonConnection: socket connection from /127.0.0.1:64779 to /127.0.0.1:64780" [_thread_blocked, id=4512, stack(0x0000002d48000000,0x0000002d48100000)]
  0x000001da7a9d4970 JavaThread "Stdin handler" [_thread_blocked, id=1436, stack(0x0000002d48100000,0x0000002d48200000)]
  0x000001da7a9d2b10 JavaThread "Daemon client event forwarder" [_thread_blocked, id=4356, stack(0x0000002d48200000,0x0000002d48300000)]
  0x000001da7a9d3530 JavaThread "Cache worker for journal cache (C:\Users\farrukh\.gradle\caches\journal-1)" [_thread_blocked, id=2044, stack(0x0000002d48300000,0x0000002d48400000)]
  0x000001da7a9d3f50 JavaThread "File lock request listener" [_thread_in_native, id=12940, stack(0x0000002d48400000,0x0000002d48500000)]
  0x000001da7a9d11c0 JavaThread "Cache worker for file hash cache (C:\Users\farrukh\.gradle\caches\7.6.3\fileHashes)" [_thread_blocked, id=1192, stack(0x0000002d48500000,0x0000002d48600000)]
  0x000001da7a9d16d0 JavaThread "File watcher server" daemon [_thread_in_native, id=9316, stack(0x0000002d48600000,0x0000002d48700000)]
  0x000001da7a9d4460 JavaThread "File watcher consumer" daemon [_thread_blocked, id=9796, stack(0x0000002d48700000,0x0000002d48800000)]
  0x000001da7a9d20f0 JavaThread "Cache worker for checksums cache (C:\Users\farrukh\Desktop\flutter projects\classico\android\.gradle\7.6.3\checksums)" [_thread_blocked, id=11228, stack(0x0000002d48800000,0x0000002d48900000)]
  0x000001da7ca7e9c0 JavaThread "Cache worker for cache directory md-rule (C:\Users\farrukh\.gradle\caches\7.6.3\md-rule)" [_thread_blocked, id=8472, stack(0x0000002d48900000,0x0000002d48a00000)]
  0x000001da7ca7f8f0 JavaThread "Cache worker for file content cache (C:\Users\farrukh\.gradle\caches\7.6.3\fileContent)" [_thread_blocked, id=10064, stack(0x0000002d48a00000,0x0000002d48b00000)]
  0x000001da7ca7e4b0 JavaThread "Cache worker for file hash cache (C:\Users\farrukh\Desktop\flutter projects\classico\android\.gradle\7.6.3\fileHashes)" [_thread_blocked, id=12752, stack(0x0000002d48b00000,0x0000002d48c00000)]
  0x000001da7ca83ac0 JavaThread "Cache worker for cache directory md-supplier (C:\Users\farrukh\.gradle\caches\7.6.3\md-supplier)" [_thread_blocked, id=12664, stack(0x0000002d48c00000,0x0000002d48d00000)]
  0x000001da7ca7eed0 JavaThread "Cache worker for execution history cache (C:\Users\farrukh\.gradle\caches\7.6.3\executionHistory)" [_thread_blocked, id=9524, stack(0x0000002d48d00000,0x0000002d48e00000)]
  0x000001da7ca82680 JavaThread "jar transforms" [_thread_blocked, id=6344, stack(0x0000002d48e00000,0x0000002d48f00000)]
  0x000001da7ca83fd0 JavaThread "Cache worker for kotlin-dsl (C:\Users\farrukh\.gradle\caches\7.6.3\kotlin-dsl)" [_thread_blocked, id=4780, stack(0x0000002d48f00000,0x0000002d49000000)]
  0x000001da7ca81240 JavaThread "jar transforms Thread 2" [_thread_blocked, id=11760, stack(0x0000002d49000000,0x0000002d49100000)]
  0x000001da7ca82170 JavaThread "Cache worker for dependencies-accessors (C:\Users\farrukh\Desktop\flutter projects\classico\android\.gradle\7.6.3\dependencies-accessors)" [_thread_blocked, id=6388, stack(0x0000002d49100000,0x0000002d49200000)]
  0x000001da7ca81750 JavaThread "Cache worker for Build Output Cleanup Cache (C:\Users\farrukh\Downloads\flutter_windows_3.19.6-stable\flutter\packages\flutter_tools\gradle\.gradle\buildOutputCleanup)" [_thread_blocked, id=11816, stack(0x0000002d49200000,0x0000002d49300000)]
  0x000001da7ca7f3e0 JavaThread "jar transforms Thread 3" [_thread_blocked, id=8080, stack(0x0000002d49300000,0x0000002d49400000)]
  0x000001da7ca835b0 JavaThread "Memory manager" [_thread_blocked, id=11060, stack(0x0000002d49600000,0x0000002d49700000)]
  0x000001da7ca7fe00 JavaThread "jar transforms Thread 4" [_thread_blocked, id=4396, stack(0x0000002d49700000,0x0000002d49800000)]
  0x000001da7ca80310 JavaThread "included builds" [_thread_in_vm, id=12712, stack(0x0000002d46100000,0x0000002d46200000)]
  0x000001da7ca80820 JavaThread "Execution worker" [_thread_blocked, id=9844, stack(0x0000002d46200000,0x0000002d46300000)]
  0x000001da7ca81c60 JavaThread "Execution worker Thread 2" [_thread_blocked, id=8304, stack(0x0000002d49800000,0x0000002d49900000)]
  0x000001da7ca82b90 JavaThread "Execution worker Thread 3" [_thread_blocked, id=7424, stack(0x0000002d49900000,0x0000002d49a00000)]
  0x000001da7ca844e0 JavaThread "Cache worker for execution history cache (C:\Users\farrukh\Downloads\flutter_windows_3.19.6-stable\flutter\packages\flutter_tools\gradle\.gradle\7.6.3\executionHistory)" [_thread_blocked, id=4420, stack(0x0000002d49a00000,0x0000002d49b00000)]
  0x000001da7ca7da90 JavaThread "Unconstrained build operations" [_thread_blocked, id=12352, stack(0x0000002d49b00000,0x0000002d49c00000)]
  0x000001da7ca849f0 JavaThread "Unconstrained build operations Thread 2" [_thread_blocked, id=11412, stack(0x0000002d49c00000,0x0000002d49d00000)]
  0x000001da7ca7d580 JavaThread "Unconstrained build operations Thread 3" [_thread_blocked, id=2608, stack(0x0000002d49d00000,0x0000002d49e00000)]
  0x000001da7ac39050 JavaThread "Unconstrained build operations Thread 4" [_thread_blocked, id=6640, stack(0x0000002d49e00000,0x0000002d49f00000)]
  0x000001da7ac3d220 JavaThread "Unconstrained build operations Thread 5" [_thread_blocked, id=6384, stack(0x0000002d49f00000,0x0000002d4a000000)]
  0x000001da7ac3cd10 JavaThread "Unconstrained build operations Thread 6" [_thread_blocked, id=13268, stack(0x0000002d4a000000,0x0000002d4a100000)]
  0x000001da7ac3d730 JavaThread "Unconstrained build operations Thread 7" [_thread_blocked, id=9176, stack(0x0000002d4a100000,0x0000002d4a200000)]
  0x000001da7ac3a9a0 JavaThread "Unconstrained build operations Thread 8" [_thread_blocked, id=7436, stack(0x0000002d4a200000,0x0000002d4a300000)]
  0x000001da7ac3bde0 JavaThread "Unconstrained build operations Thread 9" [_thread_blocked, id=12216, stack(0x0000002d4a300000,0x0000002d4a400000)]
  0x000001da7ac39560 JavaThread "Unconstrained build operations Thread 10" [_thread_blocked, id=8528, stack(0x0000002d4a400000,0x0000002d4a500000)]
  0x000001da7ac39a70 JavaThread "Exec process" [_thread_in_native, id=2636, stack(0x0000002d4a600000,0x0000002d4a700000)]
  0x000001da7ac3a490 JavaThread "Exec process Thread 3" [_thread_in_native, id=10296, stack(0x0000002d4a900000,0x0000002d4aa00000)]
  0x000001da7ac3c2f0 JavaThread "Exec process Thread 4" [_thread_in_native, id=4892, stack(0x0000002d4aa00000,0x0000002d4ab00000)]
  0x000001da7ac3c800 JavaThread "/127.0.0.1:64816 to /127.0.0.1:64821 workers" [_thread_blocked, id=12640, stack(0x0000002d4a700000,0x0000002d4a800000)]
  0x000001da7ac3e150 JavaThread "/127.0.0.1:64816 to /127.0.0.1:64821 workers Thread 2" [_thread_blocked, id=10924, stack(0x0000002d4ab00000,0x0000002d4ac00000)]
  0x000001da7ac3f590 JavaThread "/127.0.0.1:64816 to /127.0.0.1:64821 workers Thread 3" [_thread_blocked, id=6316, stack(0x0000002d4ac00000,0x0000002d4ad00000)]
  0x000001da7ac404c0 JavaThread "/127.0.0.1:64816 to /127.0.0.1:64821 workers Thread 4" [_thread_blocked, id=1708, stack(0x0000002d4ad00000,0x0000002d4ae00000)]
  0x000001da7ac3e660 JavaThread "/127.0.0.1:64816 to /127.0.0.1:64821 workers Thread 5" [_thread_in_native, id=10700, stack(0x0000002d4ae00000,0x0000002d4af00000)]

Other Threads:
  0x000001da751ad0c0 VMThread "VM Thread" [stack: 0x0000002d46900000,0x0000002d46a00000] [id=10804]
  0x000001da755dfea0 WatcherThread [stack: 0x0000002d47500000,0x0000002d47600000] [id=2972]
  0x000001da5705aec0 GCTaskThread "GC Thread#0" [stack: 0x0000002d46400000,0x0000002d46500000] [id=6804]
  0x000001da7a231df0 GCTaskThread "GC Thread#1" [stack: 0x0000002d47600000,0x0000002d47700000] [id=4596]
  0x000001da7a39f100 GCTaskThread "GC Thread#2" [stack: 0x0000002d47700000,0x0000002d47800000] [id=7916]
  0x000001da7a04ec90 GCTaskThread "GC Thread#3" [stack: 0x0000002d47800000,0x0000002d47900000] [id=764]
  0x000001da5706bd20 ConcurrentGCThread "G1 Main Marker" [stack: 0x0000002d46500000,0x0000002d46600000] [id=9400]
  0x000001da5706c650 ConcurrentGCThread "G1 Conc#0" [stack: 0x0000002d46600000,0x0000002d46700000] [id=9220]
  0x000001da570a39b0 ConcurrentGCThread "G1 Refine#0" [stack: 0x0000002d46700000,0x0000002d46800000] [id=3364]
  0x000001da75021490 ConcurrentGCThread "G1 Service" [stack: 0x0000002d46800000,0x0000002d46900000] [id=7504]

Threads with active compile tasks:
C2 CompilerThread0   148485 6507       4       java.lang.PublicMethods::merge (81 bytes)

VM state: not at safepoint (normal execution)

VM Mutex/Monitor currently owned by a thread: None

Heap address: 0x0000000700000000, size: 4096 MB, Compressed Oops mode: Zero based, Oop shift amount: 3

CDS archive(s) not mapped
Compressed class space mapped at: 0x0000000800000000-0x0000000840000000, reserved size: 1073741824
Narrow klass base: 0x0000000800000000, Narrow klass shift: 0, Narrow klass range: 0x40000000

GC Precious Log:
 CPUs: 4 total, 4 available
 Memory: 3980M
 Large Page Support: Disabled
 NUMA Support: Disabled
 Compressed Oops: Enabled (Zero based)
 Heap Region Size: 2M
 Heap Min Capacity: 8M
 Heap Initial Capacity: 64M
 Heap Max Capacity: 4G
 Pre-touch: Disabled
 Parallel Workers: 4
 Concurrent Workers: 1
 Concurrent Refinement Workers: 4
 Periodic GC: Disabled

Heap:
 garbage-first heap   total 71680K, used 46140K [0x0000000700000000, 0x0000000800000000)
  region size 2048K, 6 young (12288K), 2 survivors (4096K)
 Metaspace       used 66453K, committed 67008K, reserved 1114112K
  class space    used 9220K, committed 9472K, reserved 1048576K

Heap Regions: E=young(eden), S=young(survivor), O=old, HS=humongous(starts), HC=humongous(continues), CS=collection set, F=free, OA=open archive, CA=closed archive, TAMS=top-at-mark-start (previous, next)
|   0|0x0000000700000000, 0x0000000700200000, 0x0000000700200000|100%| O|  |TAMS 0x0000000700200000, 0x0000000700000000| Untracked 
|   1|0x0000000700200000, 0x0000000700400000, 0x0000000700400000|100%|HS|  |TAMS 0x0000000700400000, 0x0000000700200000| Complete 
|   2|0x0000000700400000, 0x0000000700600000, 0x0000000700600000|100%|HC|  |TAMS 0x0000000700600000, 0x0000000700400000| Complete 
|   3|0x0000000700600000, 0x0000000700800000, 0x0000000700800000|100%| O|  |TAMS 0x0000000700800000, 0x0000000700600000| Untracked 
|   4|0x0000000700800000, 0x0000000700a00000, 0x0000000700a00000|100%| O|  |TAMS 0x0000000700a00000, 0x0000000700800000| Untracked 
|   5|0x0000000700a00000, 0x0000000700c00000, 0x0000000700c00000|100%| O|  |TAMS 0x0000000700c00000, 0x0000000700a00000| Untracked 
|   6|0x0000000700c00000, 0x0000000700e00000, 0x0000000700e00000|100%| O|  |TAMS 0x0000000700e00000, 0x0000000700c00000| Untracked 
|   7|0x0000000700e00000, 0x0000000701000000, 0x0000000701000000|100%| O|  |TAMS 0x0000000701000000, 0x0000000700e00000| Untracked 
|   8|0x0000000701000000, 0x0000000701200000, 0x0000000701200000|100%| O|  |TAMS 0x0000000701200000, 0x0000000701000000| Untracked 
|   9|0x0000000701200000, 0x0000000701400000, 0x0000000701400000|100%| O|  |TAMS 0x0000000701400000, 0x0000000701200000| Untracked 
|  10|0x0000000701400000, 0x0000000701600000, 0x0000000701600000|100%| O|  |TAMS 0x0000000701600000, 0x0000000701400000| Untracked 
|  11|0x0000000701600000, 0x0000000701800000, 0x0000000701800000|100%| O|  |TAMS 0x0000000701800000, 0x0000000701600000| Untracked 
|  12|0x0000000701800000, 0x0000000701a00000, 0x0000000701a00000|100%| O|  |TAMS 0x0000000701a00000, 0x0000000701800000| Untracked 
|  13|0x0000000701a00000, 0x0000000701c00000, 0x0000000701c00000|100%| O|  |TAMS 0x0000000701c00000, 0x0000000701a00000| Untracked 
|  14|0x0000000701c00000, 0x0000000701e00000, 0x0000000701e00000|100%| O|  |TAMS 0x0000000701e00000, 0x0000000701c00000| Untracked 
|  15|0x0000000701e00000, 0x0000000702000000, 0x0000000702000000|100%| O|  |TAMS 0x0000000702000000, 0x0000000701e00000| Untracked 
|  16|0x0000000702000000, 0x0000000702200000, 0x0000000702200000|100%| O|  |TAMS 0x0000000702200000, 0x0000000702000000| Untracked 
|  17|0x0000000702200000, 0x0000000702400000, 0x0000000702400000|100%| O|  |TAMS 0x000000070229a600, 0x0000000702200000| Untracked 
|  18|0x0000000702400000, 0x00000007024cf400, 0x0000000702600000| 40%| O|  |TAMS 0x0000000702400000, 0x0000000702400000| Untracked 
|  19|0x0000000702600000, 0x0000000702600000, 0x0000000702800000|  0%| F|  |TAMS 0x0000000702600000, 0x0000000702600000| Untracked 
|  20|0x0000000702800000, 0x0000000702800000, 0x0000000702a00000|  0%| F|  |TAMS 0x0000000702800000, 0x0000000702800000| Untracked 
|  21|0x0000000702a00000, 0x0000000702a00000, 0x0000000702c00000|  0%| F|  |TAMS 0x0000000702a00000, 0x0000000702a00000| Untracked 
|  22|0x0000000702c00000, 0x0000000702c00000, 0x0000000702e00000|  0%| F|  |TAMS 0x0000000702c00000, 0x0000000702c00000| Untracked 
|  23|0x0000000702e00000, 0x0000000702e00000, 0x0000000703000000|  0%| F|  |TAMS 0x0000000702e00000, 0x0000000702e00000| Untracked 
|  24|0x0000000703000000, 0x000000070303fc60, 0x0000000703200000| 12%| S|CS|TAMS 0x0000000703000000, 0x0000000703000000| Complete 
|  25|0x0000000703200000, 0x0000000703200000, 0x0000000703400000|  0%| F|  |TAMS 0x0000000703200000, 0x0000000703200000| Untracked 
|  26|0x0000000703400000, 0x0000000703600000, 0x0000000703600000|100%| S|CS|TAMS 0x0000000703400000, 0x0000000703400000| Complete 
|  27|0x0000000703600000, 0x0000000703600000, 0x0000000703800000|  0%| F|  |TAMS 0x0000000703600000, 0x0000000703600000| Untracked 
|  28|0x0000000703800000, 0x0000000703800000, 0x0000000703a00000|  0%| F|  |TAMS 0x0000000703800000, 0x0000000703800000| Untracked 
|  29|0x0000000703a00000, 0x0000000703a00000, 0x0000000703c00000|  0%| F|  |TAMS 0x0000000703a00000, 0x0000000703a00000| Untracked 
|  30|0x0000000703c00000, 0x0000000703c00000, 0x0000000703e00000|  0%| F|  |TAMS 0x0000000703c00000, 0x0000000703c00000| Untracked 
|  31|0x0000000703e00000, 0x0000000703f80ca0, 0x0000000704000000| 75%| E|  |TAMS 0x0000000703e00000, 0x0000000703e00000| Complete 
|  32|0x0000000704000000, 0x0000000704200000, 0x0000000704200000|100%| E|CS|TAMS 0x0000000704000000, 0x0000000704000000| Complete 
|  33|0x0000000704200000, 0x0000000704400000, 0x0000000704400000|100%| E|CS|TAMS 0x0000000704200000, 0x0000000704200000| Complete 
|  34|0x0000000704400000, 0x0000000704600000, 0x0000000704600000|100%| E|CS|TAMS 0x0000000704400000, 0x0000000704400000| Complete 

Card table byte_map: [0x000001da69cd0000,0x000001da6a4d0000] _byte_map_base: 0x000001da664d0000

Marking Bits (Prev, Next): (CMBitMap*) 0x000001da5705b430, (CMBitMap*) 0x000001da5705b3f0
 Prev Bits: [0x000001da6ecd0000, 0x000001da72cd0000)
 Next Bits: [0x000001da6acd0000, 0x000001da6ecd0000)

Polling page: 0x000001da54e30000

Metaspace:

Usage:
  Non-class:     55.89 MB used.
      Class:      9.00 MB used.
       Both:     64.90 MB used.

Virtual space:
  Non-class space:       64.00 MB reserved,      56.19 MB ( 88%) committed,  1 nodes.
      Class space:        1.00 GB reserved,       9.25 MB ( <1%) committed,  1 nodes.
             Both:        1.06 GB reserved,      65.44 MB (  6%) committed. 

Chunk freelists:
   Non-Class:  7.23 MB
       Class:  6.78 MB
        Both:  14.02 MB

MaxMetaspaceSize: unlimited
CompressedClassSpaceSize: 1.00 GB
Initial GC threshold: 21.00 MB
Current GC threshold: 105.25 MB
CDS: off
MetaspaceReclaimPolicy: balanced
 - commit_granule_bytes: 65536.
 - commit_granule_words: 8192.
 - virtual_space_node_default_size: 8388608.
 - enlarge_chunks_in_place: 1.
 - new_chunks_are_fully_committed: 0.
 - uncommit_free_chunks: 1.
 - use_allocation_guard: 0.
 - handle_deallocations: 1.


Internal statistics:

num_allocs_failed_limit: 9.
num_arena_births: 748.
num_arena_deaths: 0.
num_vsnodes_births: 2.
num_vsnodes_deaths: 0.
num_space_committed: 1047.
num_space_uncommitted: 0.
num_chunks_returned_to_freelist: 9.
num_chunks_taken_from_freelist: 3033.
num_chunk_merges: 6.
num_chunk_splits: 2000.
num_chunks_enlarged: 1366.
num_inconsistent_stats: 0.

CodeHeap 'non-profiled nmethods': size=120000Kb used=3010Kb max_used=3022Kb free=116989Kb
 bounds [0x000001da61fa0000, 0x000001da622a0000, 0x000001da694d0000]
CodeHeap 'profiled nmethods': size=120000Kb used=11250Kb max_used=11250Kb free=108749Kb
 bounds [0x000001da5a4d0000, 0x000001da5afd0000, 0x000001da61a00000]
CodeHeap 'non-nmethods': size=5760Kb used=2353Kb max_used=2394Kb free=3406Kb
 bounds [0x000001da61a00000, 0x000001da61c70000, 0x000001da61fa0000]
 total_blobs=6573 nmethods=5698 adapters=787
 compilation: enabled
              stopped_count=0, restarted_count=0
 full_count=0

Compilation events (20 events):
Event: 148.039 Thread 0x000001da751fe850 nmethod 6497 0x000001da5afc5910 code [0x000001da5afc5ac0, 0x000001da5afc5c08]
Event: 148.039 Thread 0x000001da751fe850 6498       3       com.esotericsoftware.kryo.io.Output::writeVarLong (1304 bytes)
Event: 148.044 Thread 0x000001da751fe850 nmethod 6498 0x000001da5afc5d10 code [0x000001da5afc6000, 0x000001da5afc72c8]
Event: 148.044 Thread 0x000001da751fe850 6499       3       org.gradle.internal.snapshot.FileSystemLeafSnapshot::accept (8 bytes)
Event: 148.044 Thread 0x000001da751fe850 nmethod 6499 0x000001da5afc7a10 code [0x000001da5afc7bc0, 0x000001da5afc7da8]
Event: 148.044 Thread 0x000001da751fe850 6500       1       org.gradle.internal.file.impl.DefaultFileMetadata::getLastModified (5 bytes)
Event: 148.044 Thread 0x000001da751fe850 nmethod 6500 0x000001da62039a10 code [0x000001da62039ba0, 0x000001da62039c78]
Event: 148.044 Thread 0x000001da751fe850 6502       3       org.gradle.internal.snapshot.SearchUtil::binarySearch (160 bytes)
Event: 148.046 Thread 0x000001da751fe850 nmethod 6502 0x000001da5afc7e90 code [0x000001da5afc80c0, 0x000001da5afc8908]
Event: 148.046 Thread 0x000001da751fe850 6501       1       org.gradle.internal.file.impl.DefaultFileMetadata::getLength (5 bytes)
Event: 148.046 Thread 0x000001da751fe850 nmethod 6501 0x000001da62039710 code [0x000001da620398a0, 0x000001da62039978]
Event: 148.080 Thread 0x000001da751fe850 6503       3       org.gradle.internal.service.DefaultServiceRegistry::get (10 bytes)
Event: 148.082 Thread 0x000001da751fe850 nmethod 6503 0x000001da5afc8b10 code [0x000001da5afc8ce0, 0x000001da5afc90c8]
Event: 148.118 Thread 0x000001da751fe850 6505       3       org.gradle.internal.resources.AbstractResourceLockRegistry::detailsForCurrentThread (54 bytes)
Event: 148.121 Thread 0x000001da751fe850 nmethod 6505 0x000001da5afc9210 code [0x000001da5afc9440, 0x000001da5afc9dd8]
Event: 148.121 Thread 0x000001da751fe850 6504       1       java.lang.Thread::getName (5 bytes)
Event: 148.121 Thread 0x000001da751fe850 nmethod 6504 0x000001da62039410 code [0x000001da620395a0, 0x000001da62039678]
Event: 148.128 Thread 0x000001da751fe850 6506       3       java.nio.Buffer::discardMark (6 bytes)
Event: 148.128 Thread 0x000001da751fe850 nmethod 6506 0x000001da5afca110 code [0x000001da5afca2a0, 0x000001da5afca3b8]
Event: 148.232 Thread 0x000001da751fde90 6507       4       java.lang.PublicMethods::merge (81 bytes)

GC Heap History (20 events):
Event: 44.504 GC heap before
{Heap before GC invocations=16 (full 0):
 garbage-first heap   total 65536K, used 50870K [0x0000000700000000, 0x0000000800000000)
  region size 2048K, 11 young (22528K), 1 survivors (2048K)
 Metaspace       used 46458K, committed 46912K, reserved 1114112K
  class space    used 6115K, committed 6336K, reserved 1048576K
}
Event: 44.519 GC heap after
{Heap after GC invocations=17 (full 0):
 garbage-first heap   total 65536K, used 31625K [0x0000000700000000, 0x0000000800000000)
  region size 2048K, 2 young (4096K), 2 survivors (4096K)
 Metaspace       used 46458K, committed 46912K, reserved 1114112K
  class space    used 6115K, committed 6336K, reserved 1048576K
}
Event: 46.690 GC heap before
{Heap before GC invocations=17 (full 0):
 garbage-first heap   total 65536K, used 50057K [0x0000000700000000, 0x0000000800000000)
  region size 2048K, 11 young (22528K), 2 survivors (4096K)
 Metaspace       used 48758K, committed 49280K, reserved 1114112K
  class space    used 6484K, committed 6720K, reserved 1048576K
}
Event: 46.715 GC heap after
{Heap after GC invocations=18 (full 0):
 garbage-first heap   total 65536K, used 32629K [0x0000000700000000, 0x0000000800000000)
  region size 2048K, 2 young (4096K), 2 survivors (4096K)
 Metaspace       used 48758K, committed 49280K, reserved 1114112K
  class space    used 6484K, committed 6720K, reserved 1048576K
}
Event: 49.326 GC heap before
{Heap before GC invocations=18 (full 0):
 garbage-first heap   total 65536K, used 51061K [0x0000000700000000, 0x0000000800000000)
  region size 2048K, 11 young (22528K), 2 survivors (4096K)
 Metaspace       used 51803K, committed 52224K, reserved 1114112K
  class space    used 6966K, committed 7168K, reserved 1048576K
}
Event: 49.338 GC heap after
{Heap after GC invocations=19 (full 0):
 garbage-first heap   total 65536K, used 33629K [0x0000000700000000, 0x0000000800000000)
  region size 2048K, 2 young (4096K), 2 survivors (4096K)
 Metaspace       used 51803K, committed 52224K, reserved 1114112K
  class space    used 6966K, committed 7168K, reserved 1048576K
}
Event: 53.321 GC heap before
{Heap before GC invocations=20 (full 0):
 garbage-first heap   total 65536K, used 52061K [0x0000000700000000, 0x0000000800000000)
  region size 2048K, 11 young (22528K), 2 survivors (4096K)
 Metaspace       used 54131K, committed 54592K, reserved 1114112K
  class space    used 7307K, committed 7488K, reserved 1048576K
}
Event: 53.336 GC heap after
{Heap after GC invocations=21 (full 0):
 garbage-first heap   total 65536K, used 34398K [0x0000000700000000, 0x0000000800000000)
  region size 2048K, 2 young (4096K), 2 survivors (4096K)
 Metaspace       used 54131K, committed 54592K, reserved 1114112K
  class space    used 7307K, committed 7488K, reserved 1048576K
}
Event: 54.796 GC heap before
{Heap before GC invocations=21 (full 0):
 garbage-first heap   total 65536K, used 50782K [0x0000000700000000, 0x0000000800000000)
  region size 2048K, 10 young (20480K), 2 survivors (4096K)
 Metaspace       used 56317K, committed 56832K, reserved 1114112K
  class space    used 7584K, committed 7808K, reserved 1048576K
}
Event: 54.808 GC heap after
{Heap after GC invocations=22 (full 0):
 garbage-first heap   total 65536K, used 35428K [0x0000000700000000, 0x0000000800000000)
  region size 2048K, 2 young (4096K), 2 survivors (4096K)
 Metaspace       used 56317K, committed 56832K, reserved 1114112K
  class space    used 7584K, committed 7808K, reserved 1048576K
}
Event: 57.125 GC heap before
{Heap before GC invocations=23 (full 0):
 garbage-first heap   total 69632K, used 51812K [0x0000000700000000, 0x0000000800000000)
  region size 2048K, 10 young (20480K), 2 survivors (4096K)
 Metaspace       used 57988K, committed 58432K, reserved 1114112K
  class space    used 7799K, committed 8000K, reserved 1048576K
}
Event: 57.150 GC heap after
{Heap after GC invocations=24 (full 0):
 garbage-first heap   total 69632K, used 36109K [0x0000000700000000, 0x0000000800000000)
  region size 2048K, 2 young (4096K), 2 survivors (4096K)
 Metaspace       used 57988K, committed 58432K, reserved 1114112K
  class space    used 7799K, committed 8000K, reserved 1048576K
}
Event: 59.404 GC heap before
{Heap before GC invocations=24 (full 0):
 garbage-first heap   total 69632K, used 54541K [0x0000000700000000, 0x0000000800000000)
  region size 2048K, 11 young (22528K), 2 survivors (4096K)
 Metaspace       used 60463K, committed 61056K, reserved 1114112K
  class space    used 8175K, committed 8448K, reserved 1048576K
}
Event: 59.421 GC heap after
{Heap after GC invocations=25 (full 0):
 garbage-first heap   total 69632K, used 36724K [0x0000000700000000, 0x0000000800000000)
  region size 2048K, 2 young (4096K), 2 survivors (4096K)
 Metaspace       used 60463K, committed 61056K, reserved 1114112K
  class space    used 8175K, committed 8448K, reserved 1048576K
}
Event: 61.630 GC heap before
{Heap before GC invocations=26 (full 0):
 garbage-first heap   total 69632K, used 55156K [0x0000000700000000, 0x0000000800000000)
  region size 2048K, 11 young (22528K), 2 survivors (4096K)
 Metaspace       used 62202K, committed 62720K, reserved 1114112K
  class space    used 8484K, committed 8768K, reserved 1048576K
}
Event: 61.645 GC heap after
{Heap after GC invocations=27 (full 0):
 garbage-first heap   total 69632K, used 38018K [0x0000000700000000, 0x0000000800000000)
  region size 2048K, 2 young (4096K), 2 survivors (4096K)
 Metaspace       used 62202K, committed 62720K, reserved 1114112K
  class space    used 8484K, committed 8768K, reserved 1048576K
}
Event: 63.789 GC heap before
{Heap before GC invocations=27 (full 0):
 garbage-first heap   total 69632K, used 54402K [0x0000000700000000, 0x0000000800000000)
  region size 2048K, 10 young (20480K), 2 survivors (4096K)
 Metaspace       used 64013K, committed 64576K, reserved 1114112K
  class space    used 8815K, committed 9088K, reserved 1048576K
}
Event: 63.805 GC heap after
{Heap after GC invocations=28 (full 0):
 garbage-first heap   total 69632K, used 38968K [0x0000000700000000, 0x0000000800000000)
  region size 2048K, 2 young (4096K), 2 survivors (4096K)
 Metaspace       used 64013K, committed 64576K, reserved 1114112K
  class space    used 8815K, committed 9088K, reserved 1048576K
}
Event: 66.256 GC heap before
{Heap before GC invocations=29 (full 0):
 garbage-first heap   total 71680K, used 53304K [0x0000000700000000, 0x0000000800000000)
  region size 2048K, 10 young (20480K), 2 survivors (4096K)
 Metaspace       used 65518K, committed 66112K, reserved 1114112K
  class space    used 9073K, committed 9344K, reserved 1048576K
}
Event: 66.272 GC heap after
{Heap after GC invocations=30 (full 0):
 garbage-first heap   total 71680K, used 39996K [0x0000000700000000, 0x0000000800000000)
  region size 2048K, 2 young (4096K), 2 survivors (4096K)
 Metaspace       used 65518K, committed 66112K, reserved 1114112K
  class space    used 9073K, committed 9344K, reserved 1048576K
}

Dll operation events (2 events):
Event: 0.029 Loaded shared library C:\Program Files\Android\Android Studio\jbr\bin\java.dll
Event: 3.466 Loaded shared library C:\Program Files\Android\Android Studio\jbr\bin\verify.dll

Deoptimization events (20 events):
Event: 147.752 Thread 0x000001da7ca80820 Uncommon trap: trap_request=0xffffff45 fr.pc=0x000001da62127b1c relative=0x00000000000004dc
Event: 147.752 Thread 0x000001da7ca80820 Uncommon trap: reason=unstable_if action=reinterpret pc=0x000001da62127b1c method=java.lang.StringLatin1.compareToCI([B[B)I @ 68 c2
Event: 147.752 Thread 0x000001da7ca80820 DEOPT PACKING pc=0x000001da62127b1c sp=0x0000002d462faa60
Event: 147.752 Thread 0x000001da7ca80820 DEOPT UNPACKING pc=0x000001da61a569a3 sp=0x0000002d462fa9e8 mode 2
Event: 147.876 Thread 0x000001da7ca844e0 Uncommon trap: trap_request=0xffffffc6 fr.pc=0x000001da621cf4b4 relative=0x0000000000000814
Event: 147.877 Thread 0x000001da7ca844e0 Uncommon trap: reason=bimorphic_or_optimized_type_check action=maybe_recompile pc=0x000001da621cf4b4 method=java.io.BufferedInputStream.read([BII)I @ 101 c2
Event: 147.877 Thread 0x000001da7ca844e0 DEOPT PACKING pc=0x000001da621cf4b4 sp=0x0000002d49afdf80
Event: 147.877 Thread 0x000001da7ca844e0 DEOPT UNPACKING pc=0x000001da61a569a3 sp=0x0000002d49afdf38 mode 2
Event: 147.877 Thread 0x000001da7ca844e0 Uncommon trap: trap_request=0xffffffde fr.pc=0x000001da621cf4a8 relative=0x0000000000000808
Event: 147.877 Thread 0x000001da7ca844e0 Uncommon trap: reason=class_check action=maybe_recompile pc=0x000001da621cf4a8 method=java.io.BufferedInputStream.read1([BII)I @ 39 c2
Event: 147.877 Thread 0x000001da7ca844e0 DEOPT PACKING pc=0x000001da621cf4a8 sp=0x0000002d49afdf80
Event: 147.877 Thread 0x000001da7ca844e0 DEOPT UNPACKING pc=0x000001da61a569a3 sp=0x0000002d49afde98 mode 2
Event: 148.041 Thread 0x000001da7ca844e0 Uncommon trap: trap_request=0xffffff45 fr.pc=0x000001da6203eff8 relative=0x00000000000002d8
Event: 148.041 Thread 0x000001da7ca844e0 Uncommon trap: reason=unstable_if action=reinterpret pc=0x000001da6203eff8 method=java.io.BufferedOutputStream.write([BII)V @ 6 c2
Event: 148.041 Thread 0x000001da7ca844e0 DEOPT PACKING pc=0x000001da6203eff8 sp=0x0000002d49afe110
Event: 148.041 Thread 0x000001da7ca844e0 DEOPT UNPACKING pc=0x000001da61a569a3 sp=0x0000002d49afe050 mode 2
Event: 148.042 Thread 0x000001da7ca844e0 Uncommon trap: trap_request=0xffffff45 fr.pc=0x000001da6203fd08 relative=0x0000000000000268
Event: 148.042 Thread 0x000001da7ca844e0 Uncommon trap: reason=unstable_if action=reinterpret pc=0x000001da6203fd08 method=java.io.BufferedOutputStream.write([BII)V @ 6 c2
Event: 148.042 Thread 0x000001da7ca844e0 DEOPT PACKING pc=0x000001da6203fd08 sp=0x0000002d49afe070
Event: 148.042 Thread 0x000001da7ca844e0 DEOPT UNPACKING pc=0x000001da61a569a3 sp=0x0000002d49afe038 mode 2

Classes unloaded (0 events):
No events

Classes redefined (0 events):
No events

Internal exceptions (20 events):
Event: 65.486 Thread 0x000001da7ca80820 Exception <a 'java/lang/NoSuchMethodError'{0x0000000703c89570}: static Ljava/util/AbstractList;.<clinit>()V> (0x0000000703c89570) 
thrown [s\src\hotspot\share\prims\jni.cpp, line 1108]
Event: 65.523 Thread 0x000001da7ca80820 Exception <a 'java/lang/NoSuchMethodError'{0x0000000703ce96c0}: static Lorg/gradle/api/internal/tasks/compile/DefaultGroovyJavaJointCompileSpec;.<clinit>()V> (0x0000000703ce96c0) 
thrown [s\src\hotspot\share\prims\jni.cpp, line 1108]
Event: 65.524 Thread 0x000001da7ca80820 Exception <a 'java/lang/NoSuchMethodError'{0x0000000703cedc50}: static Lorg/gradle/api/internal/tasks/compile/DefaultJavaCompileSpec;.<clinit>()V> (0x0000000703cedc50) 
thrown [s\src\hotspot\share\prims\jni.cpp, line 1108]
Event: 65.530 Thread 0x000001da7ca80820 Exception <a 'java/lang/NoSuchMethodError'{0x0000000703cf3160}: static Lorg/gradle/api/internal/tasks/compile/DefaultJvmLanguageCompileSpec;.<clinit>()V> (0x0000000703cf3160) 
thrown [s\src\hotspot\share\prims\jni.cpp, line 1108]
Event: 65.617 Thread 0x000001da7ca80820 Exception <a 'java/lang/NoSuchMethodError'{0x0000000703da5a08}: static Lorg/gradle/api/internal/tasks/compile/MinimalJavaCompileOptions;.<clinit>()V> (0x0000000703da5a08) 
thrown [s\src\hotspot\share\prims\jni.cpp, line 1108]
Event: 65.646 Thread 0x000001da7ca80820 Exception <a 'java/lang/NoSuchMethodError'{0x0000000703a0e958}: static Lorg/gradle/api/internal/tasks/compile/MinimalJavaCompilerDaemonForkOptions;.<clinit>()V> (0x0000000703a0e958) 
thrown [s\src\hotspot\share\prims\jni.cpp, line 1108]
Event: 65.647 Thread 0x000001da7ca80820 Exception <a 'java/lang/NoSuchMethodError'{0x0000000703a10e70}: static Lorg/gradle/api/internal/tasks/compile/MinimalCompilerDaemonForkOptions;.<clinit>()V> (0x0000000703a10e70) 
thrown [s\src\hotspot\share\prims\jni.cpp, line 1108]
Event: 65.660 Thread 0x000001da7ca80820 Exception <a 'java/lang/NoSuchMethodError'{0x0000000703a24c30}: static Lorg/gradle/api/internal/tasks/compile/MinimalGroovyCompileOptions;.<clinit>()V> (0x0000000703a24c30) 
thrown [s\src\hotspot\share\prims\jni.cpp, line 1108]
Event: 65.670 Thread 0x000001da7ca80820 Exception <a 'java/lang/NoSuchMethodError'{0x0000000703a4ce28}: static Lorg/gradle/api/internal/tasks/compile/MinimalGroovyCompilerDaemonForkOptions;.<clinit>()V> (0x0000000703a4ce28) 
thrown [s\src\hotspot\share\prims\jni.cpp, line 1108]
Event: 66.255 Thread 0x000001da7ca80820 Exception <a 'java/lang/NoSuchMethodError'{0x00000007037ed140}: static Lorg/gradle/process/internal/worker/request/WorkerAction;.<clinit>()V> (0x00000007037ed140) 
thrown [s\src\hotspot\share\prims\jni.cpp, line 1108]
Event: 66.403 Thread 0x000001da7ac39a70 Exception <a 'java/lang/NoSuchMethodError'{0x00000007044988c8}: 'void java.lang.invoke.DirectMethodHandle$Holder.invokeStatic(java.lang.Object, long)'> (0x00000007044988c8) 
thrown [s\src\hotspot\share\interpreter\linkResolver.cpp, line 771]
Event: 66.404 Thread 0x000001da7ac39a70 Exception <a 'java/lang/NoSuchMethodError'{0x000000070449de90}: 'java.lang.Object java.lang.invoke.DirectMethodHandle$Holder.newInvokeSpecial(java.lang.Object, long)'> (0x000000070449de90) 
thrown [s\src\hotspot\share\interpreter\linkResolver.cpp, line 771]
Event: 66.411 Thread 0x000001da7ac39a70 Exception <a 'java/lang/NoSuchMethodError'{0x00000007044a4b68}: 'java.lang.Object java.lang.invoke.DirectMethodHandle$Holder.invokeStatic(java.lang.Object, java.lang.Object, long, java.lang.Object)'> (0x00000007044a4b68) 
thrown [s\src\hotspot\share\interpreter\linkResolver.cpp, line 771]
Event: 66.412 Thread 0x000001da7ac39a70 Exception <a 'java/lang/NoSuchMethodError'{0x00000007044a8580}: 'java.lang.Object java.lang.invoke.DirectMethodHandle$Holder.invokeStaticInit(java.lang.Object, java.lang.Object, long, java.lang.Object)'> (0x00000007044a8580) 
thrown [s\src\hotspot\share\interpreter\linkResolver.cpp, line 771]
Event: 144.246 Thread 0x000001da7ac3e660 Exception <a 'java/lang/NoSuchMethodError'{0x00000007040243e8}: 'void java.lang.invoke.DirectMethodHandle$Holder.invokeSpecial(java.lang.Object, java.lang.Object, java.lang.Object, int)'> (0x00000007040243e8) 
thrown [s\src\hotspot\share\interpreter\linkResolver.cpp, line 771]
Event: 144.731 Thread 0x000001da7ac3e660 Exception <a 'java/lang/NoSuchMethodError'{0x00000007040414f8}: static Ljava/lang/Object;.<clinit>()V> (0x00000007040414f8) 
thrown [s\src\hotspot\share\prims\jni.cpp, line 1108]
Event: 144.770 Thread 0x000001da7ac3e660 Exception <a 'java/lang/NoSuchMethodError'{0x000000070404f348}: static Lorg/gradle/api/internal/tasks/compile/ApiCompilerResult;.<clinit>()V> (0x000000070404f348) 
thrown [s\src\hotspot\share\prims\jni.cpp, line 1108]
Event: 144.871 Thread 0x000001da7ac3e660 Exception <a 'java/lang/NoSuchMethodError'{0x0000000704062a20}: static Lorg/gradle/api/internal/tasks/compile/incremental/processing/AnnotationProcessingResult;.<clinit>()V> (0x0000000704062a20) 
thrown [s\src\hotspot\share\prims\jni.cpp, line 1108]
Event: 145.292 Thread 0x000001da7ac3e660 Exception <a 'java/lang/NoSuchMethodError'{0x00000007040947a0}: static Lorg/gradle/api/internal/tasks/compile/incremental/compilerapi/constants/ConstantsAnalysisResult;.<clinit>()V> (0x00000007040947a0) 
thrown [s\src\hotspot\share\prims\jni.cpp, line 1108]
Event: 145.399 Thread 0x000001da7ac3e660 Exception <a 'java/lang/NoSuchMethodError'{0x00000007040a58d8}: static Lorg/gradle/api/internal/tasks/compile/incremental/compilerapi/constants/ConstantToDependentsMappingBuilder;.<clinit>()V> (0x00000007040a58d8) 
thrown [s\src\hotspot\share\prims\jni.cpp, line 1108]

VM Operations (20 events):
Event: 117.675 Executing VM operation: Cleanup
Event: 117.678 Executing VM operation: Cleanup done
Event: 120.279 Executing VM operation: HandshakeAllThreads
Event: 120.280 Executing VM operation: HandshakeAllThreads done
Event: 134.367 Executing VM operation: Cleanup
Event: 134.368 Executing VM operation: Cleanup done
Event: 142.436 Executing VM operation: Cleanup
Event: 142.436 Executing VM operation: Cleanup done
Event: 143.443 Executing VM operation: Cleanup
Event: 143.443 Executing VM operation: Cleanup done
Event: 144.457 Executing VM operation: Cleanup
Event: 144.475 Executing VM operation: Cleanup done
Event: 145.479 Executing VM operation: Cleanup
Event: 145.592 Executing VM operation: Cleanup done
Event: 146.605 Executing VM operation: Cleanup
Event: 146.623 Executing VM operation: Cleanup done
Event: 147.623 Executing VM operation: Cleanup
Event: 147.641 Executing VM operation: Cleanup done
Event: 148.006 Executing VM operation: HandshakeAllThreads
Event: 148.016 Executing VM operation: HandshakeAllThreads done

Events (20 events):
Event: 144.499 loading class java/io/ObjectInputFilter$Config
Event: 144.554 loading class java/io/ObjectInputFilter$Config done
Event: 144.587 loading class java/io/ObjectInputFilter
Event: 144.593 loading class java/io/ObjectInputFilter done
Event: 144.598 loading class java/io/ObjectInputFilter$Config$BuiltinFilterFactory
Event: 144.602 loading class java/io/ObjectInputFilter$Config$BuiltinFilterFactory done
Event: 144.602 loading class jdk/internal/access/JavaObjectInputFilterAccess
Event: 144.603 loading class jdk/internal/access/JavaObjectInputFilterAccess done
Event: 144.625 loading class jdk/internal/event/DeserializationEvent
Event: 144.634 loading class jdk/internal/event/DeserializationEvent done
Event: 144.774 loading class java/io/ObjectInputStream$FieldValues
Event: 144.783 loading class java/io/ObjectInputStream$GetField
Event: 144.783 loading class java/io/ObjectInputStream$GetField done
Event: 144.783 loading class java/io/ObjectInputStream$FieldValues done
Event: 145.181 loading class java/util/HashMap$UnsafeHolder
Event: 145.185 loading class java/util/HashMap$UnsafeHolder done
Event: 148.306 loading class java/io/SequenceInputStream
Event: 148.308 loading class java/io/SequenceInputStream done
Event: 148.332 loading class java/io/CharArrayWriter
Event: 148.334 loading class java/io/CharArrayWriter done


Dynamic libraries:
0x00007ff7d4160000 - 0x00007ff7d416a000 	C:\Program Files\Android\Android Studio\jbr\bin\java.exe
0x00007ffdbcb70000 - 0x00007ffdbcd68000 	C:\WINDOWS\SYSTEM32\ntdll.dll
0x00007ffdbb110000 - 0x00007ffdbb1cd000 	C:\WINDOWS\System32\KERNEL32.DLL
0x00007ffdba6a0000 - 0x00007ffdba996000 	C:\WINDOWS\System32\KERNELBASE.dll
0x00007ffdbaaa0000 - 0x00007ffdbaba0000 	C:\WINDOWS\System32\ucrtbase.dll
0x00007ffdb29d0000 - 0x00007ffdb29e7000 	C:\Program Files\Android\Android Studio\jbr\bin\jli.dll
0x00007ffdbbb60000 - 0x00007ffdbbcff000 	C:\WINDOWS\System32\USER32.dll
0x00007ffdba580000 - 0x00007ffdba5a2000 	C:\WINDOWS\System32\win32u.dll
0x00007ffdbb2a0000 - 0x00007ffdbb2cb000 	C:\WINDOWS\System32\GDI32.dll
0x00007ffdba220000 - 0x00007ffdba337000 	C:\WINDOWS\System32\gdi32full.dll
0x00007ffdba600000 - 0x00007ffdba69d000 	C:\WINDOWS\System32\msvcp_win.dll
0x00007ffdb3860000 - 0x00007ffdb387b000 	C:\Program Files\Android\Android Studio\jbr\bin\VCRUNTIME140.dll
0x00007ffdac5b0000 - 0x00007ffdac84a000 	C:\WINDOWS\WinSxS\amd64_microsoft.windows.common-controls_6595b64144ccf1df_6.0.19041.3636_none_60b6a03d71f818d5\COMCTL32.dll
0x00007ffdbc650000 - 0x00007ffdbc6ee000 	C:\WINDOWS\System32\msvcrt.dll
0x00007ffdbb1d0000 - 0x00007ffdbb202000 	C:\WINDOWS\System32\IMM32.DLL
0x00007ffdb4e50000 - 0x00007ffdb4e5c000 	C:\Program Files\Android\Android Studio\jbr\bin\vcruntime140_1.dll
0x00007ffdac520000 - 0x00007ffdac5ad000 	C:\Program Files\Android\Android Studio\jbr\bin\msvcp140.dll
0x00007ffd87e30000 - 0x00007ffd88ab3000 	C:\Program Files\Android\Android Studio\jbr\bin\server\jvm.dll
0x00007ffdbb970000 - 0x00007ffdbba20000 	C:\WINDOWS\System32\ADVAPI32.dll
0x00007ffdbacc0000 - 0x00007ffdbad60000 	C:\WINDOWS\System32\sechost.dll
0x00007ffdbc470000 - 0x00007ffdbc593000 	C:\WINDOWS\System32\RPCRT4.dll
0x00007ffdba550000 - 0x00007ffdba577000 	C:\WINDOWS\System32\bcrypt.dll
0x00007ffdb9c00000 - 0x00007ffdb9c4b000 	C:\WINDOWS\SYSTEM32\POWRPROF.dll
0x00007ffdb4f70000 - 0x00007ffdb4f79000 	C:\WINDOWS\SYSTEM32\WSOCK32.dll
0x00007ffdbaf10000 - 0x00007ffdbaf7b000 	C:\WINDOWS\System32\WS2_32.dll
0x00007ffdab3e0000 - 0x00007ffdab407000 	C:\WINDOWS\SYSTEM32\WINMM.dll
0x00007ffda97d0000 - 0x00007ffda97da000 	C:\WINDOWS\SYSTEM32\VERSION.dll
0x00007ffdb9bc0000 - 0x00007ffdb9bd2000 	C:\WINDOWS\SYSTEM32\UMPDC.dll
0x00007ffdb8120000 - 0x00007ffdb8132000 	C:\WINDOWS\SYSTEM32\kernel.appcore.dll
0x00007ffdb4d50000 - 0x00007ffdb4d5a000 	C:\Program Files\Android\Android Studio\jbr\bin\jimage.dll
0x00007ffda6720000 - 0x00007ffda6904000 	C:\WINDOWS\SYSTEM32\DBGHELP.DLL
0x00007ffda6610000 - 0x00007ffda6644000 	C:\WINDOWS\SYSTEM32\dbgcore.DLL
0x00007ffdba9a0000 - 0x00007ffdbaa22000 	C:\WINDOWS\System32\bcryptPrimitives.dll
0x00007ffdb37c0000 - 0x00007ffdb37e5000 	C:\Program Files\Android\Android Studio\jbr\bin\java.dll
0x00007ffdb2e00000 - 0x00007ffdb2e18000 	C:\Program Files\Android\Android Studio\jbr\bin\zip.dll
0x00007ffdbbd00000 - 0x00007ffdbc46b000 	C:\WINDOWS\System32\SHELL32.dll
0x00007ffdb82b0000 - 0x00007ffdb8a4e000 	C:\WINDOWS\SYSTEM32\windows.storage.dll
0x00007ffdbc6f0000 - 0x00007ffdbca43000 	C:\WINDOWS\System32\combase.dll
0x00007ffdb9c50000 - 0x00007ffdb9c7e000 	C:\WINDOWS\SYSTEM32\Wldp.dll
0x00007ffdbafe0000 - 0x00007ffdbb0ad000 	C:\WINDOWS\System32\OLEAUT32.dll
0x00007ffdbba20000 - 0x00007ffdbbacd000 	C:\WINDOWS\System32\SHCORE.dll
0x00007ffdbb0b0000 - 0x00007ffdbb105000 	C:\WINDOWS\System32\shlwapi.dll
0x00007ffdba150000 - 0x00007ffdba173000 	C:\WINDOWS\SYSTEM32\profapi.dll
0x00007ffdb2a10000 - 0x00007ffdb2a29000 	C:\Program Files\Android\Android Studio\jbr\bin\net.dll
0x00007ffdb1df0000 - 0x00007ffdb1efa000 	C:\WINDOWS\SYSTEM32\WINHTTP.dll
0x00007ffdb9930000 - 0x00007ffdb999a000 	C:\WINDOWS\system32\mswsock.dll
0x00007ffdb29f0000 - 0x00007ffdb2a06000 	C:\Program Files\Android\Android Studio\jbr\bin\nio.dll
0x00007ffdb33f0000 - 0x00007ffdb3400000 	C:\Program Files\Android\Android Studio\jbr\bin\verify.dll
0x00007ffdacf40000 - 0x00007ffdacf67000 	C:\Users\farrukh\.gradle\native\c067742578af261105cb4f569cf0c3c89f3d7b1fecec35dd04571415982c5e48\windows-amd64\native-platform.dll
0x00007ffd82910000 - 0x00007ffd82a54000 	C:\Users\farrukh\.gradle\native\38dada09dfb8b06ba9b0570ebf7e218e3eb74d4ef43ca46872605cf95ebc2f47\windows-amd64\native-platform-file-events.dll
0x00007ffdb3d80000 - 0x00007ffdb3d89000 	C:\Program Files\Android\Android Studio\jbr\bin\management.dll
0x00007ffdb37b0000 - 0x00007ffdb37bb000 	C:\Program Files\Android\Android Studio\jbr\bin\management_ext.dll
0x00007ffdbb960000 - 0x00007ffdbb968000 	C:\WINDOWS\System32\PSAPI.DLL
0x00007ffdb9b20000 - 0x00007ffdb9b38000 	C:\WINDOWS\SYSTEM32\CRYPTSP.dll
0x00007ffdb9200000 - 0x00007ffdb9234000 	C:\WINDOWS\system32\rsaenh.dll
0x00007ffdba110000 - 0x00007ffdba13e000 	C:\WINDOWS\SYSTEM32\USERENV.dll
0x00007ffdb9b40000 - 0x00007ffdb9b4c000 	C:\WINDOWS\SYSTEM32\CRYPTBASE.dll
0x00007ffdb95c0000 - 0x00007ffdb95fb000 	C:\WINDOWS\SYSTEM32\IPHLPAPI.DLL
0x00007ffdbbb50000 - 0x00007ffdbbb58000 	C:\WINDOWS\System32\NSI.dll
0x00007ffdb1470000 - 0x00007ffdb1487000 	C:\WINDOWS\SYSTEM32\dhcpcsvc6.DLL
0x00007ffdb2940000 - 0x00007ffdb295d000 	C:\WINDOWS\SYSTEM32\dhcpcsvc.DLL
0x00007ffdb9600000 - 0x00007ffdb96cb000 	C:\WINDOWS\SYSTEM32\DNSAPI.dll
0x00007ffdb4260000 - 0x00007ffdb4267000 	C:\WINDOWS\system32\wshunix.dll

dbghelp: loaded successfully - version: 4.0.5 - missing functions: none
symbol engine: initialized successfully - sym options: 0x614 - pdb path: .;C:\Program Files\Android\Android Studio\jbr\bin;C:\WINDOWS\SYSTEM32;C:\WINDOWS\WinSxS\amd64_microsoft.windows.common-controls_6595b64144ccf1df_6.0.19041.3636_none_60b6a03d71f818d5;C:\Program Files\Android\Android Studio\jbr\bin\server;C:\Users\farrukh\.gradle\native\c067742578af261105cb4f569cf0c3c89f3d7b1fecec35dd04571415982c5e48\windows-amd64;C:\Users\farrukh\.gradle\native\38dada09dfb8b06ba9b0570ebf7e218e3eb74d4ef43ca46872605cf95ebc2f47\windows-amd64

VM Arguments:
jvm_args: --add-opens=java.base/java.util=ALL-UNNAMED --add-opens=java.base/java.lang=ALL-UNNAMED --add-opens=java.base/java.lang.invoke=ALL-UNNAMED --add-opens=java.prefs/java.util.prefs=ALL-UNNAMED --add-opens=java.base/java.nio.charset=ALL-UNNAMED --add-opens=java.base/java.net=ALL-UNNAMED --add-opens=java.base/java.util.concurrent.atomic=ALL-UNNAMED -Xmx4G -Dfile.encoding=windows-1252 -Duser.country=US -Duser.language=en -Duser.variant 
java_command: org.gradle.launcher.daemon.bootstrap.GradleDaemon 7.6.3
java_class_path (initial): C:\Users\farrukh\.gradle\wrapper\dists\gradle-7.6.3-all\aocdy2d2z8kodnny3rsumj8i8\gradle-7.6.3\lib\gradle-launcher-7.6.3.jar
Launcher Type: SUN_STANDARD

[Global flags]
     intx CICompilerCount                          = 3                                         {product} {ergonomic}
     uint ConcGCThreads                            = 1                                         {product} {ergonomic}
     uint G1ConcRefinementThreads                  = 4                                         {product} {ergonomic}
   size_t G1HeapRegionSize                         = 2097152                                   {product} {ergonomic}
    uintx GCDrainStackTargetSize                   = 64                                        {product} {ergonomic}
   size_t InitialHeapSize                          = 67108864                                  {product} {ergonomic}
   size_t MarkStackSize                            = 4194304                                   {product} {ergonomic}
   size_t MaxHeapSize                              = 4294967296                                {product} {command line}
   size_t MaxNewSize                               = 2575302656                                {product} {ergonomic}
   size_t MinHeapDeltaBytes                        = 2097152                                   {product} {ergonomic}
   size_t MinHeapSize                              = 8388608                                   {product} {ergonomic}
    uintx NonNMethodCodeHeapSize                   = 5832780                                {pd product} {ergonomic}
    uintx NonProfiledCodeHeapSize                  = 122912730                              {pd product} {ergonomic}
    uintx ProfiledCodeHeapSize                     = 122912730                              {pd product} {ergonomic}
    uintx ReservedCodeCacheSize                    = 251658240                              {pd product} {ergonomic}
     bool SegmentedCodeCache                       = true                                      {product} {ergonomic}
   size_t SoftMaxHeapSize                          = 4294967296                             {manageable} {ergonomic}
     bool UseCompressedClassPointers               = true                           {product lp64_product} {ergonomic}
     bool UseCompressedOops                        = true                           {product lp64_product} {ergonomic}
     bool UseG1GC                                  = true                                      {product} {ergonomic}
     bool UseLargePagesIndividualAllocation        = false                                  {pd product} {ergonomic}

Logging:
Log output configuration:
 #0: stdout all=warning uptime,level,tags
 #1: stderr all=off uptime,level,tags

Environment Variables:
JAVA_HOME=C:\Program Files\Android\Android Studio\jbr
CLASSPATH=C:\Users\farrukh\Desktop\flutter projects\classico\android\\gradle\wrapper\gradle-wrapper.jar
PATH=C:\Program Files\Android\Android Studio\jbr\bin;C:\WINDOWS\system32;C:\WINDOWS;C:\WINDOWS\System32\Wbem;C:\WINDOWS\System32\WindowsPowerShell\v1.0\;C:\WINDOWS\System32\OpenSSH\;C:\Program Files\Git\cmd;E:\dart-sdk\bin;C:\flutter\bin;C:\Users\farrukh\AppData\Local\Microsoft\WindowsApps;C:\Users\farrukh\Downloads\flutter_windows_3.19.6-stable\flutter\bin;C:\Users\farrukh\Downloads\flutter_windows_3.19.6-stable\flutter\bin\mingit\cmd
USERNAME=farrukh
OS=Windows_NT
PROCESSOR_IDENTIFIER=Intel64 Family 6 Model 58 Stepping 9, GenuineIntel
TMP=C:\Users\farrukh\AppData\Local\Temp
TEMP=C:\Users\farrukh\AppData\Local\Temp



Periodic native trim disabled

JNI global refs:
JNI global refs: 24, weak refs: 0

JNI global refs memory usage: 843, weak refs: 841

OOME stack traces (most recent first):
Classloader memory used:
Loader org.gradle.internal.classloader.VisitableURLClassLoader                         : 4339K
Loader bootstrap                                                                       : 2625K
Loader org.gradle.initialization.MixInLegacyTypesClassLoader                           : 1209K
Loader jdk.internal.loader.ClassLoaders$PlatformClassLoader                            : 65885B
Loader jdk.internal.reflect.DelegatingClassLoader                                      : 31434B
Loader jdk.internal.loader.ClassLoaders$AppClassLoader                                 : 26009B
Loader org.gradle.internal.classloader.VisitableURLClassLoader                         : 5193B
Loader org.gradle.groovy.scripts.internal.DefaultScriptCompilationHandler$ScriptClassLoader: 5050B
Loader org.codehaus.groovy.runtime.callsite.CallSiteClassLoader                        : 2026B
Loader sun.reflect.misc.MethodUtil                                                     : 373B

Classes loaded by more than one classloader:
Class Program                                                                         : loaded 3 times (x 70B)
Class org.gradle.internal.classpath.ClassPath                                         : loaded 2 times (x 68B)
Class org.gradle.api.internal.classpath.DefaultModuleRegistry                         : loaded 2 times (x 84B)
Class org.gradle.api.Action                                                           : loaded 2 times (x 68B)
Class org.gradle.api.internal.DefaultClassPathProvider                                : loaded 2 times (x 74B)
Class org.gradle.internal.installation.GradleInstallation$1                           : loaded 2 times (x 73B)
Class org.gradle.internal.classloader.FilteringClassLoader                            : loaded 2 times (x 103B)
Class org.gradle.internal.classpath.DefaultClassPath$ImmutableUniqueList$Builder      : loaded 2 times (x 73B)
Class org.gradle.internal.classloader.ClassLoaderVisitor                              : loaded 2 times (x 74B)
Class org.gradle.internal.service.DefaultServiceLocator                               : loaded 2 times (x 81B)
Class org.gradle.internal.service.UnknownServiceException                             : loaded 2 times (x 81B)
Class org.gradle.internal.classloader.DefaultClassLoaderFactory                       : loaded 2 times (x 80B)
Class org.gradle.internal.classloader.VisitableURLClassLoader$Spec                    : loaded 2 times (x 72B)
Class org.gradle.api.GradleException                                                  : loaded 2 times (x 80B)
Class org.gradle.api.internal.classpath.ModuleRegistry                                : loaded 2 times (x 68B)
Class org.gradle.api.internal.ClassPathProvider                                       : loaded 2 times (x 68B)
Class org.gradle.internal.classloader.ClasspathUtil$1                                 : loaded 2 times (x 74B)
Class org.gradle.internal.classloader.ClassLoaderFactory                              : loaded 2 times (x 68B)
Class org.gradle.api.internal.classpath.ManifestUtil                                  : loaded 2 times (x 69B)
Class org.gradle.api.specs.Spec                                                       : loaded 2 times (x 68B)
Class org.gradle.internal.IoActions                                                   : loaded 2 times (x 69B)
Class org.gradle.api.internal.classpath.EffectiveClassPath                            : loaded 2 times (x 88B)
Class org.gradle.internal.installation.CurrentGradleInstallation                      : loaded 2 times (x 71B)
Class org.gradle.internal.installation.CurrentGradleInstallationLocator               : loaded 2 times (x 69B)
Class org.gradle.api.internal.classpath.Module                                        : loaded 2 times (x 68B)
Class org.gradle.internal.service.CachingServiceLocator                               : loaded 2 times (x 80B)
Class org.gradle.internal.classpath.DefaultClassPath                                  : loaded 2 times (x 88B)
Class org.gradle.api.Transformer                                                      : loaded 2 times (x 68B)
Class org.gradle.internal.classloader.SystemClassLoaderSpec                           : loaded 2 times (x 69B)
Class org.gradle.api.UncheckedIOException                                             : loaded 2 times (x 80B)
Class org.gradle.internal.installation.GradleInstallation                             : loaded 2 times (x 73B)
Class org.gradle.internal.classloader.ClasspathUtil                                   : loaded 2 times (x 69B)
Class org.gradle.api.internal.DefaultClassPathRegistry                                : loaded 2 times (x 74B)
Class org.gradle.api.internal.classpath.DefaultModuleRegistry$DefaultModule           : loaded 2 times (x 84B)
Class org.gradle.api.internal.classpath.UnknownModuleException                        : loaded 2 times (x 80B)
Class org.gradle.internal.service.ServiceLookupException                              : loaded 2 times (x 80B)
Class org.gradle.cache.GlobalCache                                                    : loaded 2 times (x 68B)
Class [Lorg.gradle.api.internal.ClassPathProvider;                                    : loaded 2 times (x 67B)
Class org.gradle.util.internal.GUtil                                                  : loaded 2 times (x 69B)
Class org.gradle.internal.classloader.ClassLoaderSpec                                 : loaded 2 times (x 69B)
Class org.gradle.internal.classloader.VisitableURLClassLoader                         : loaded 2 times (x 115B)
Class org.gradle.internal.Cast                                                        : loaded 2 times (x 69B)
Class Build_gradle                                                                    : loaded 2 times (x 128B)
Class org.gradle.api.internal.ClassPathRegistry                                       : loaded 2 times (x 68B)
Class org.gradle.internal.classloader.ClassLoaderHierarchy                            : loaded 2 times (x 68B)
Class org.gradle.internal.service.ServiceLocator                                      : loaded 2 times (x 68B)
Class org.gradle.internal.classpath.DefaultClassPath$ImmutableUniqueList              : loaded 2 times (x 159B)


---------------  S Y S T E M  ---------------

OS:
 Windows 10 , 64 bit Build 19041 (10.0.19041.3636)
OS uptime: 23 days 4:13 hours

CPU: total 4 (initial active 4) (2 cores per cpu, 2 threads per core) family 6 model 58 stepping 9 microcode 0x21, cx8, cmov, fxsr, ht, mmx, sse, sse2, sse3, ssse3, sse4.1, sse4.2, popcnt, tsc, tscinvbit, avx, aes, erms, clmul, vzeroupper, clflush
Processor Information for all 4 processors :
  Max Mhz: 3001, Current Mhz: 2100, Mhz Limit: 2070

Memory: 4k page, system-wide physical 3980M (197M free)
TotalPageFile size 9867M (AvailPageFile size 2M)
current process WorkingSet (physical memory assigned to process): 96M, peak: 197M
current process commit charge ("private bytes"): 263M, peak: 272M

vm_info: OpenJDK 64-Bit Server VM (17.0.9+0--11185874) for windows-amd64 JRE (17.0.9+0--11185874), built on Dec  6 2023 18:57:44 by "androidbuild" with MS VC++ 16.10 / 16.11 (VS2019)

END.
